Log file open, 05/13/17 17:57:25
LogInit:Display: Running engine for game: FYP
LogPlatformFile: Not using cached read wrapper
LogInit:Display: RandInit(706783433) SRandInit(706783433).
LogTaskGraph: Started task graph with 5 named threads and 8 total threads with 1 sets of task threads.
LogStats: Stats thread started at 0.076236
LogInit: Using libcurl 7.47.1
LogInit:  - built for x86_64-pc-win32
LogInit:  - supports SSL with OpenSSL/1.0.2g
LogInit:  - supports HTTP deflate (compression) using libz 1.2.8
LogInit:  - other features:
LogInit:      CURL_VERSION_SSL
LogInit:      CURL_VERSION_LIBZ
LogInit:      CURL_VERSION_IPV6
LogInit:      CURL_VERSION_ASYNCHDNS
LogInit:      CURL_VERSION_LARGEFILE
LogInit:      CURL_VERSION_IDN
LogInit:  CurlRequestOptions (configurable via config and command line):
LogInit:  - bVerifyPeer = false  - Libcurl will NOT verify peer certificate
LogInit:  - bUseHttpProxy = false  - Libcurl will NOT use HTTP proxy
LogInit:  - bDontReuseConnections = false  - Libcurl will reuse connections
LogInit:  - CertBundlePath = nullptr  - Libcurl will use whatever was configured at build time.
LogInit: Build: ++UE4+Release-4.15-CL-3416026
LogInit: Engine Version: 4.15.2-3416026+++UE4+Release-4.15
LogInit: Compatible Engine Version: 4.15.0-3299760+++UE4+Release-4.15
LogInit: Net CL: 3299760
LogDevObjectVersion: Number of dev versions registered: 14
LogDevObjectVersion:   Dev-Blueprints (B0D832E4-1F89-4F0D-ACCF-7EB736FD4AA2): 8
LogDevObjectVersion:   Dev-Build (E1C64328-A22C-4D53-A36C-8E866417BD8C): 0
LogDevObjectVersion:   Dev-Core (375EC13C-06E4-48FB-B500-84F0262A717E): 2
LogDevObjectVersion:   Dev-Editor (E4B068ED-F494-42E9-A231-DA0B2E46BB41): 14
LogDevObjectVersion:   Dev-Framework (CFFC743F-43B0-4480-9391-14DF171D2073): 22
LogDevObjectVersion:   Dev-Mobile (B02B49B5-BB20-44E9-A304-32B752E40360): 0
LogDevObjectVersion:   Dev-Networking (A4E4105C-59A1-49B5-A7C5-40C4547EDFEE): 0
LogDevObjectVersion:   Dev-Online (39C831C9-5AE6-47DC-9A44-9C173E1C8E7C): 0
LogDevObjectVersion:   Dev-Physics (78F01B33-EBEA-4F98-B9B4-84EACCB95AA2): 0
LogDevObjectVersion:   Dev-Platform (6631380F-2D4D-43E0-8009-CF276956A95A): 0
LogDevObjectVersion:   Dev-Rendering (12F88B9F-8875-4AFC-A67C-D90C383ABD29): 12
LogDevObjectVersion:   Dev-Sequencer (7B5AE74C-D270-4C10-A958-57980B212A5A): 3
LogDevObjectVersion:   Dev-VR (D7296918-1DD6-4BDD-9DE2-64A83CC13884): 0
LogDevObjectVersion:   Dev-LoadTimes (C2A15278-BFE7-4AFE-6C17-90FF531DF755): 1
LogInit: Compiled (64-bit): May  1 2017 13:11:28
LogInit: Compiled with Visual C++: 19.00.23026.00
LogInit: Build Configuration: Development
LogInit: Branch Name: ++UE4+Release-4.15
LogInit: Command line: -EpicPortal 
LogInit: Base directory: D:/UE_4.15/Engine/Binaries/Win64/
LogInit: Installed Engine Build: 1
LogInit: Presizing for max 8388607 objects, including 0 objects not considered by GC, pre-allocating 0 bytes for permanent pool.
LogInit: Object subsystem initialized
[2017.05.13-09.57.26:504][  0]LogInit: Selected Device Profile: [Windows]
[2017.05.13-09.57.26:504][  0]LogInit: Applying CVar settings loaded from the selected device profile: [Windows]
[2017.05.13-09.57.26:515][  0]LogInit: Computer: ASUS
[2017.05.13-09.57.26:515][  0]LogInit: User: User
[2017.05.13-09.57.26:515][  0]LogInit: CPU Page size=65536, Cores=4
[2017.05.13-09.57.26:515][  0]LogInit: High frequency timer resolution =2.338346 MHz
[2017.05.13-09.57.26:515][  0]LogMemory: Memory total: Physical=7.9GB (8GB approx)
[2017.05.13-09.57.26:515][  0]LogMemory: Platform Memory Stats for Windows
[2017.05.13-09.57.26:515][  0]LogMemory: Process Physical Memory: 263.09 MB used, 263.09 MB peak
[2017.05.13-09.57.26:515][  0]LogMemory: Process Virtual Memory: 262.48 MB used, 262.48 MB peak
[2017.05.13-09.57.26:515][  0]LogMemory: Physical Memory: 5211.86 MB used,  2897.62 MB free, 8109.48 MB total
[2017.05.13-09.57.26:515][  0]LogMemory: Virtual Memory: 646.04 MB used,  2897.62 MB free, 134217728.00 MB total
[2017.05.13-09.57.26:583][  0]LogTextLocalizationManager: No specific translations for ('en-US') exist, so ('en') translations will be used.
[2017.05.13-09.57.27:242][  0]LogD3D11RHI: D3D11 adapters:
[2017.05.13-09.57.27:267][  0]LogD3D11RHI:    0. 'NVIDIA GeForce GTX 770M' (Feature Level 11_0)
[2017.05.13-09.57.27:267][  0]LogD3D11RHI:       3039/0/4054 MB DedicatedVideo/DedicatedSystem/SharedSystem, Outputs:1, VendorId:0x10de
[2017.05.13-09.57.27:268][  0]LogD3D11RHI:    1. 'Microsoft Basic Render Driver' (Feature Level 11_0)
[2017.05.13-09.57.27:268][  0]LogD3D11RHI:       0/0/4054 MB DedicatedVideo/DedicatedSystem/SharedSystem, Outputs:0, VendorId:0x1414
[2017.05.13-09.57.27:268][  0]LogD3D11RHI: Chosen D3D11 Adapter: 0
[2017.05.13-09.57.27:272][  0]LogD3D11RHI: Creating new Direct3DDevice
[2017.05.13-09.57.27:272][  0]LogD3D11RHI:     GPU DeviceId: 0x11e0 (for the marketing name, search the web for "GPU Device Id")
[2017.05.13-09.57.27:272][  0]LogWindows: EnumDisplayDevices:
[2017.05.13-09.57.27:272][  0]LogWindows:    0. 'NVIDIA GeForce GTX 770M' (P:1 D:1)
[2017.05.13-09.57.27:272][  0]LogWindows:    1. 'NVIDIA GeForce GTX 770M' (P:0 D:0)
[2017.05.13-09.57.27:272][  0]LogWindows:    2. 'NVIDIA GeForce GTX 770M' (P:0 D:0)
[2017.05.13-09.57.27:272][  0]LogWindows:    3. 'NVIDIA GeForce GTX 770M' (P:0 D:0)
[2017.05.13-09.57.27:272][  0]LogWindows: DebugString: FoundDriverCount:4 
[2017.05.13-09.57.27:272][  0]LogD3D11RHI:     Adapter Name: NVIDIA GeForce GTX 770M
[2017.05.13-09.57.27:272][  0]LogD3D11RHI:   Driver Version: 375.63 (internal:21.21.13.7563, unified:375.63)
[2017.05.13-09.57.27:272][  0]LogD3D11RHI:      Driver Date: 10-21-2016
[2017.05.13-09.57.27:272][  0]LogRHI: Texture pool is 1361 MB (70% of 1945 MB)
[2017.05.13-09.57.27:287][  0]LogD3D11RHI:Warning: Timestamp queries are currently disabled on this hardware due to instability. Realtime GPU stats will not be available. You can override this behaviour by setting r.NVIDIATimestampWorkaround to 0
[2017.05.13-09.57.27:288][  0]LogD3D11RHI: [Aftermath] Aftermath enabled but failed to initialize due to reason: DriverVersionNotSupported
[2017.05.13-09.57.27:288][  0]LogD3D11RHI: Async texture creation enabled
[2017.05.13-09.57.27:304][  0]LogD3D11RHI: GPU Timing Frequency: 1000.000000 (Debug: 2 2)
[2017.05.13-09.57.27:351][  0]LogShaderCompilers: Guid format shader working directory is -4 characters bigger than the processId version (C:/Users/User/Desktop/Unreal/Team_FYP_Project/FYP/Intermediate/Shaders/WorkingDirectory/9792/).
[2017.05.13-09.57.27:351][  0]LogShaderCompilers: Cleaned the shader compiler working directory 'C:/Users/User/AppData/Local/Temp/UnrealShaderWorkingDir/EDD441C1410D4325798BC6B2BD4DF784/'.
[2017.05.13-09.57.27:351][  0]LogShaderCompilers:Display: Using Local Shader Compiler.
[2017.05.13-09.57.28:407][  0]LogTemp:Display: Loaded TP AllDesktopTargetPlatform
[2017.05.13-09.57.28:452][  0]LogTemp:Display: Loaded TP MacClientTargetPlatform
[2017.05.13-09.57.28:501][  0]LogTemp:Display: Loaded TP MacNoEditorTargetPlatform
[2017.05.13-09.57.28:547][  0]LogTemp:Display: Loaded TP MacServerTargetPlatform
[2017.05.13-09.57.28:595][  0]LogTemp:Display: Loaded TP MacTargetPlatform
[2017.05.13-09.57.28:642][  0]LogTemp:Display: Loaded TP WindowsClientTargetPlatform
[2017.05.13-09.57.28:689][  0]LogTemp:Display: Loaded TP WindowsNoEditorTargetPlatform
[2017.05.13-09.57.28:736][  0]LogTemp:Display: Loaded TP WindowsServerTargetPlatform
[2017.05.13-09.57.28:772][  0]LogTemp:Display: Loaded TP WindowsTargetPlatform
[2017.05.13-09.57.28:820][  0]LogTemp:Display: Loaded TP AndroidTargetPlatform
[2017.05.13-09.57.28:865][  0]LogTemp:Display: Loaded TP Android_ASTCTargetPlatform
[2017.05.13-09.57.28:911][  0]LogTemp:Display: Loaded TP Android_ATCTargetPlatform
[2017.05.13-09.57.28:957][  0]LogTemp:Display: Loaded TP Android_DXTTargetPlatform
[2017.05.13-09.57.29:006][  0]LogTemp:Display: Loaded TP Android_ETC1TargetPlatform
[2017.05.13-09.57.29:053][  0]LogTemp:Display: Loaded TP Android_ETC2TargetPlatform
[2017.05.13-09.57.29:156][  0]LogTemp:Display: Loaded TP Android_MultiTargetPlatform
[2017.05.13-09.57.29:156][  0]LogTemp:Display: Loaded TP Android_PVRTCTargetPlatform
[2017.05.13-09.57.29:186][  0]LogTemp:Display: Loaded TP HTML5TargetPlatform
[2017.05.13-09.57.29:270][  0]LogTemp:Display: Loaded TP IOSTargetPlatform
[2017.05.13-09.57.29:300][  0]LogTemp:Display: Loaded TP TVOSTargetPlatform
[2017.05.13-09.57.29:346][  0]LogTemp:Display: Loaded TP LinuxClientTargetPlatform
[2017.05.13-09.57.29:395][  0]LogTemp:Display: Loaded TP LinuxNoEditorTargetPlatform
[2017.05.13-09.57.29:443][  0]LogTemp:Display: Loaded TP LinuxServerTargetPlatform
[2017.05.13-09.57.29:493][  0]LogTemp:Display: Loaded TP LinuxTargetPlatform
[2017.05.13-09.57.29:494][  0]LogTargetPlatformManager:Display: Building Assets For Windows
[2017.05.13-09.57.29:804][  0]LogDerivedDataCache:Display: Max Cache Size: 512 MB
[2017.05.13-09.57.29:853][  0]LogDerivedDataCache: Loaded boot cache 0.05s 50MB C:/Users/User/AppData/Local/UnrealEngine/4.15/DerivedDataCache/Boot.ddc.
[2017.05.13-09.57.29:853][  0]LogDerivedDataCache:Display: Loaded Boot cache: C:/Users/User/AppData/Local/UnrealEngine/4.15/DerivedDataCache/Boot.ddc
[2017.05.13-09.57.29:853][  0]LogDerivedDataCache: FDerivedDataBackendGraph:  Pak pak cache file C:/Users/User/Desktop/Unreal/Team_FYP_Project/FYP/DerivedDataCache/DDC.ddp not found, will not use a pak cache.
[2017.05.13-09.57.29:853][  0]LogDerivedDataCache: Unable to find inner node Pak for hierarchical cache Hierarchy.
[2017.05.13-09.57.29:853][  0]LogDerivedDataCache: FDerivedDataBackendGraph:  CompressedPak pak cache file C:/Users/User/Desktop/Unreal/Team_FYP_Project/FYP/DerivedDataCache/Compressed.ddp not found, will not use a pak cache.
[2017.05.13-09.57.29:853][  0]LogDerivedDataCache: Unable to find inner node CompressedPak for hierarchical cache Hierarchy.
[2017.05.13-09.57.29:872][  0]LogDerivedDataCache:Display: Pak cache opened for reading ../../../Engine/DerivedDataCache/Compressed.ddp.
[2017.05.13-09.57.29:884][  0]LogDerivedDataCache: Using Local data cache path C:/Users/User/AppData/Local/UnrealEngine/Common/DerivedDataCache: Writable
[2017.05.13-09.57.29:893][  0]LogSlate: Using Freetype 2.6.0
[2017.05.13-09.57.29:894][  0]LogSlate: SlateFontCache - WITH_FREETYPE: 1, WITH_HARFBUZZ: 1
[2017.05.13-09.57.29:894][  0]LogSlate: SlateFontCache - WITH_FREETYPE: 1, WITH_HARFBUZZ: 1
[2017.05.13-09.57.30:172][  0]LogInit: Selected Device Profile: [Windows]
[2017.05.13-09.57.30:174][  0]LogContentStreaming: Texture pool size is 0.00 MB
[2017.05.13-09.57.30:361][  0]LogMeshUtilities: Using QuadricMeshReduction for automatic static mesh reduction
[2017.05.13-09.57.30:393][  0]LogSimplygon: Simplygon DLL not present - disabling.
[2017.05.13-09.57.30:430][  0]LogMeshUtilities: Using SimplygonSwarm for distributed automatic mesh merging
[2017.05.13-09.57.30:430][  0]LogMeshUtilities: No automatic skeletal mesh reduction module available
[2017.05.13-09.57.30:430][  0]LogMeshUtilities: No automatic mesh merging module available
[2017.05.13-09.57.30:912][  0]LogNetVersion: GetLocalNetworkVersion: CL: 3299760, ProjectName: fyp, ProjectVersion: , EngineNetworkVersion: 2, GameNetworkVersion: 0, NetworkChecksum: 2809377629
[2017.05.13-09.57.30:953][  0]LogAssetRegistry: FAssetRegistry took 0.0222 seconds to start up
[2017.05.13-09.57.31:070][  0]LogPackageLocalizationCache: Processed 3 localized package path(s) for 2 prioritized culture(s) in 0.101714 seconds
[2017.05.13-09.57.31:076][  0]LogUObjectArray: 32493 objects as part of root set at end of initial load.
[2017.05.13-09.57.31:076][  0]LogUObjectAllocator: 7077032 out of 0 bytes used by permanent object pool.
[2017.05.13-09.57.31:076][  0]LogUObjectArray: CloseDisregardForGC: 0/0 objects in disregard for GC pool
[2017.05.13-09.57.31:123][  0]LogInit: WinSock: version 1.1 (2.2), MaxSocks=32767, MaxUdp=65467
[2017.05.13-09.57.32:728][  0]LogTcpMessaging: Initializing TcpMessaging bridge
[2017.05.13-09.57.32:788][  0]LogUdpMessaging: Initializing bridge on interface 0.0.0.0:0 to multicast group 230.0.0.1:6666.
[2017.05.13-09.57.33:155][  0]LogMaterial: Uniform references updated for custom material expression Custom.
[2017.05.13-09.57.33:473][  0]SourceControl: Info Source control is disabled
[2017.05.13-09.57.33:513][  0]SourceControl: Info Source control is disabled
[2017.05.13-09.57.33:549][  0]SourceControl: Info Source control is disabled
[2017.05.13-09.57.33:589][  0]SourceControl: Info Source control is disabled
[2017.05.13-09.57.34:576][  0]LogEngine: Initializing Engine...
[2017.05.13-09.57.34:577][  0]LogHMD: Failed to initialize OpenVR with code 100
[2017.05.13-09.57.34:685][  0]LogStats: UGameplayTagsManager::ConstructGameplayTagTree: Construct from data asset -  0.000 s
[2017.05.13-09.57.34:685][  0]LogStats: UGameplayTagsManager::ConstructGameplayTagTree: GameplayTagTreeChangedEvent.Broadcast -  0.000 s
[2017.05.13-09.57.34:775][  0]LogAIModule: Creating AISystem for world Untitled
[2017.05.13-09.57.34:783][  0]LogInit: XAudio2 using 'Speakers (Realtek High Definition Audio)' : 2 channels at 48 kHz using 32 bits per sample (channel mask 0x3)
[2017.05.13-09.57.34:901][  0]LogInit: FAudioDevice initialized.
[2017.05.13-09.57.34:925][  0]LogDerivedDataCache: Saved boot cache 0.02s 50MB C:/Users/User/AppData/Local/UnrealEngine/4.15/DerivedDataCache/Boot.ddc.
[2017.05.13-09.57.34:934][  0]LogInit: Texture streaming: Enabled
[2017.05.13-09.57.35:000][  0]LogEngineSessionManager: EngineSessionManager initialized
[2017.05.13-09.57.35:075][  0]LogWindowsTextInputMethodSystem:Display: IME system now deactivated.
[2017.05.13-09.57.35:157][  0]LogInit: Transaction tracking system initialized
[2017.05.13-09.57.35:426][  0]BlueprintLog: New page: Editor Load
[2017.05.13-09.57.36:750][  0]LocalizationService: Info Localization service is disabled
[2017.05.13-09.57.37:391][  0]LogConsoleResponse:Display: 
[2017.05.13-09.57.37:524][  0]LogCook:Display: Max memory allowance for cook 16384mb min free memory 0mb
[2017.05.13-09.57.37:524][  0]LogCook:Display: Mobile HDR setting 1
[2017.05.13-09.57.38:005][  0]LogFileCache: Scanning file cache for directory 'C:/Users/User/Desktop/Unreal/Team_FYP_Project/FYP/Content/' took 0.01s
[2017.05.13-09.57.38:359][  0]SourceControl: Info Source control is disabled
[2017.05.13-09.57.38:360][  0]LogFactory: FactoryCreateFile: PackFactory with PackFactory (0 0 D:/UE_4.15/FeaturePacks/StarterContent.upack)
[2017.05.13-09.57.38:367][  0]LogPackFactory: Finished extracting 8 files (including 0 errors).
[2017.05.13-09.57.38:371][  0]LogPackFactory: Copied "../../../Samples/StarterContent/Content/StarterContent/Architecture/Floor_400x400.uasset" to "C:/Users/User/Desktop/Unreal/Team_FYP_Project/FYP/Content/StarterContent/Architecture/Floor_400x400.uasset"
[2017.05.13-09.57.38:375][  0]LogPackFactory: Copied "../../../Samples/StarterContent/Content/StarterContent/Architecture/Pillar_50x500.uasset" to "C:/Users/User/Desktop/Unreal/Team_FYP_Project/FYP/Content/StarterContent/Architecture/Pillar_50x500.uasset"
[2017.05.13-09.57.38:380][  0]LogPackFactory: Copied "../../../Samples/StarterContent/Content/StarterContent/Architecture/SM_AssetPlatform.uasset" to "C:/Users/User/Desktop/Unreal/Team_FYP_Project/FYP/Content/StarterContent/Architecture/SM_AssetPlatform.uasset"
[2017.05.13-09.57.38:384][  0]LogPackFactory: Copied "../../../Samples/StarterContent/Content/StarterContent/Architecture/Wall_400x200.uasset" to "C:/Users/User/Desktop/Unreal/Team_FYP_Project/FYP/Content/StarterContent/Architecture/Wall_400x200.uasset"
[2017.05.13-09.57.38:388][  0]LogPackFactory: Copied "../../../Samples/StarterContent/Content/StarterContent/Architecture/Wall_400x300.uasset" to "C:/Users/User/Desktop/Unreal/Team_FYP_Project/FYP/Content/StarterContent/Architecture/Wall_400x300.uasset"
[2017.05.13-09.57.38:392][  0]LogPackFactory: Copied "../../../Samples/StarterContent/Content/StarterContent/Architecture/Wall_400x400.uasset" to "C:/Users/User/Desktop/Unreal/Team_FYP_Project/FYP/Content/StarterContent/Architecture/Wall_400x400.uasset"
[2017.05.13-09.57.38:396][  0]LogPackFactory: Copied "../../../Samples/StarterContent/Content/StarterContent/Architecture/Wall_500x500.uasset" to "C:/Users/User/Desktop/Unreal/Team_FYP_Project/FYP/Content/StarterContent/Architecture/Wall_500x500.uasset"
[2017.05.13-09.57.38:401][  0]LogPackFactory: Copied "../../../Samples/StarterContent/Content/StarterContent/Architecture/Wall_Door_400x300.uasset" to "C:/Users/User/Desktop/Unreal/Team_FYP_Project/FYP/Content/StarterContent/Architecture/Wall_Door_400x300.uasset"
[2017.05.13-09.57.38:405][  0]LogPackFactory: Copied "../../../Samples/StarterContent/Content/StarterContent/Architecture/Wall_Door_400x400.uasset" to "C:/Users/User/Desktop/Unreal/Team_FYP_Project/FYP/Content/StarterContent/Architecture/Wall_Door_400x400.uasset"
[2017.05.13-09.57.38:409][  0]LogPackFactory: Copied "../../../Samples/StarterContent/Content/StarterContent/Architecture/Wall_Window_400x300.uasset" to "C:/Users/User/Desktop/Unreal/Team_FYP_Project/FYP/Content/StarterContent/Architecture/Wall_Window_400x300.uasset"
[2017.05.13-09.57.38:413][  0]LogPackFactory: Copied "../../../Samples/StarterContent/Content/StarterContent/Architecture/Wall_Window_400x400.uasset" to "C:/Users/User/Desktop/Unreal/Team_FYP_Project/FYP/Content/StarterContent/Architecture/Wall_Window_400x400.uasset"
[2017.05.13-09.57.38:418][  0]LogPackFactory: Copied "../../../Samples/StarterContent/Content/StarterContent/Audio/Collapse01.uasset" to "C:/Users/User/Desktop/Unreal/Team_FYP_Project/FYP/Content/StarterContent/Audio/Collapse01.uasset"
[2017.05.13-09.57.38:422][  0]LogPackFactory: Copied "../../../Samples/StarterContent/Content/StarterContent/Audio/Collapse02.uasset" to "C:/Users/User/Desktop/Unreal/Team_FYP_Project/FYP/Content/StarterContent/Audio/Collapse02.uasset"
[2017.05.13-09.57.38:426][  0]LogPackFactory: Copied "../../../Samples/StarterContent/Content/StarterContent/Audio/Collapse_Cue.uasset" to "C:/Users/User/Desktop/Unreal/Team_FYP_Project/FYP/Content/StarterContent/Audio/Collapse_Cue.uasset"
[2017.05.13-09.57.38:429][  0]LogPackFactory: Copied "../../../Samples/StarterContent/Content/StarterContent/Audio/Explosion01.uasset" to "C:/Users/User/Desktop/Unreal/Team_FYP_Project/FYP/Content/StarterContent/Audio/Explosion01.uasset"
[2017.05.13-09.57.38:434][  0]LogPackFactory: Copied "../../../Samples/StarterContent/Content/StarterContent/Audio/Explosion02.uasset" to "C:/Users/User/Desktop/Unreal/Team_FYP_Project/FYP/Content/StarterContent/Audio/Explosion02.uasset"
[2017.05.13-09.57.38:437][  0]LogPackFactory: Copied "../../../Samples/StarterContent/Content/StarterContent/Audio/Explosion_Cue.uasset" to "C:/Users/User/Desktop/Unreal/Team_FYP_Project/FYP/Content/StarterContent/Audio/Explosion_Cue.uasset"
[2017.05.13-09.57.38:441][  0]LogPackFactory: Copied "../../../Samples/StarterContent/Content/StarterContent/Audio/Fire01.uasset" to "C:/Users/User/Desktop/Unreal/Team_FYP_Project/FYP/Content/StarterContent/Audio/Fire01.uasset"
[2017.05.13-09.57.38:446][  0]LogPackFactory: Copied "../../../Samples/StarterContent/Content/StarterContent/Audio/Fire01_Cue.uasset" to "C:/Users/User/Desktop/Unreal/Team_FYP_Project/FYP/Content/StarterContent/Audio/Fire01_Cue.uasset"
[2017.05.13-09.57.38:450][  0]LogPackFactory: Copied "../../../Samples/StarterContent/Content/StarterContent/Audio/Fire_Sparks01.uasset" to "C:/Users/User/Desktop/Unreal/Team_FYP_Project/FYP/Content/StarterContent/Audio/Fire_Sparks01.uasset"
[2017.05.13-09.57.38:454][  0]LogPackFactory: Copied "../../../Samples/StarterContent/Content/StarterContent/Audio/Fire_Sparks01_Cue.uasset" to "C:/Users/User/Desktop/Unreal/Team_FYP_Project/FYP/Content/StarterContent/Audio/Fire_Sparks01_Cue.uasset"
[2017.05.13-09.57.38:459][  0]LogPackFactory: Copied "../../../Samples/StarterContent/Content/StarterContent/Audio/Light01.uasset" to "C:/Users/User/Desktop/Unreal/Team_FYP_Project/FYP/Content/StarterContent/Audio/Light01.uasset"
[2017.05.13-09.57.38:463][  0]LogPackFactory: Copied "../../../Samples/StarterContent/Content/StarterContent/Audio/Light01_Cue.uasset" to "C:/Users/User/Desktop/Unreal/Team_FYP_Project/FYP/Content/StarterContent/Audio/Light01_Cue.uasset"
[2017.05.13-09.57.38:468][  0]LogPackFactory: Copied "../../../Samples/StarterContent/Content/StarterContent/Audio/Light02.uasset" to "C:/Users/User/Desktop/Unreal/Team_FYP_Project/FYP/Content/StarterContent/Audio/Light02.uasset"
[2017.05.13-09.57.38:472][  0]LogPackFactory: Copied "../../../Samples/StarterContent/Content/StarterContent/Audio/Light02_Cue.uasset" to "C:/Users/User/Desktop/Unreal/Team_FYP_Project/FYP/Content/StarterContent/Audio/Light02_Cue.uasset"
[2017.05.13-09.57.38:477][  0]LogPackFactory: Copied "../../../Samples/StarterContent/Content/StarterContent/Audio/Smoke01.uasset" to "C:/Users/User/Desktop/Unreal/Team_FYP_Project/FYP/Content/StarterContent/Audio/Smoke01.uasset"
[2017.05.13-09.57.38:478][  0]LogPackFactory: Copied "../../../Samples/StarterContent/Content/StarterContent/Audio/Smoke01_Cue.uasset" to "C:/Users/User/Desktop/Unreal/Team_FYP_Project/FYP/Content/StarterContent/Audio/Smoke01_Cue.uasset"
[2017.05.13-09.57.38:482][  0]LogPackFactory: Copied "../../../Samples/StarterContent/Content/StarterContent/Audio/Starter_Background_Cue.uasset" to "C:/Users/User/Desktop/Unreal/Team_FYP_Project/FYP/Content/StarterContent/Audio/Starter_Background_Cue.uasset"
[2017.05.13-09.57.38:488][  0]LogPackFactory: Copied "../../../Samples/StarterContent/Content/StarterContent/Audio/Starter_Birds01.uasset" to "C:/Users/User/Desktop/Unreal/Team_FYP_Project/FYP/Content/StarterContent/Audio/Starter_Birds01.uasset"
[2017.05.13-09.57.38:498][  0]LogPackFactory: Copied "../../../Samples/StarterContent/Content/StarterContent/Audio/Starter_Music01.uasset" to "C:/Users/User/Desktop/Unreal/Team_FYP_Project/FYP/Content/StarterContent/Audio/Starter_Music01.uasset"
[2017.05.13-09.57.38:502][  0]LogPackFactory: Copied "../../../Samples/StarterContent/Content/StarterContent/Audio/Starter_Music_Cue.uasset" to "C:/Users/User/Desktop/Unreal/Team_FYP_Project/FYP/Content/StarterContent/Audio/Starter_Music_Cue.uasset"
[2017.05.13-09.57.38:508][  0]LogPackFactory: Copied "../../../Samples/StarterContent/Content/StarterContent/Audio/Starter_Wind05.uasset" to "C:/Users/User/Desktop/Unreal/Team_FYP_Project/FYP/Content/StarterContent/Audio/Starter_Wind05.uasset"
[2017.05.13-09.57.38:513][  0]LogPackFactory: Copied "../../../Samples/StarterContent/Content/StarterContent/Audio/Starter_Wind06.uasset" to "C:/Users/User/Desktop/Unreal/Team_FYP_Project/FYP/Content/StarterContent/Audio/Starter_Wind06.uasset"
[2017.05.13-09.57.38:519][  0]LogPackFactory: Copied "../../../Samples/StarterContent/Content/StarterContent/Audio/Steam01.uasset" to "C:/Users/User/Desktop/Unreal/Team_FYP_Project/FYP/Content/StarterContent/Audio/Steam01.uasset"
[2017.05.13-09.57.38:523][  0]LogPackFactory: Copied "../../../Samples/StarterContent/Content/StarterContent/Audio/Steam01_Cue.uasset" to "C:/Users/User/Desktop/Unreal/Team_FYP_Project/FYP/Content/StarterContent/Audio/Steam01_Cue.uasset"
[2017.05.13-09.57.38:527][  0]LogPackFactory: Copied "../../../Samples/StarterContent/Content/StarterContent/Blueprints/Blueprint_CeilingLight.uasset" to "C:/Users/User/Desktop/Unreal/Team_FYP_Project/FYP/Content/StarterContent/Blueprints/Blueprint_CeilingLight.uasset"
[2017.05.13-09.57.38:532][  0]LogPackFactory: Copied "../../../Samples/StarterContent/Content/StarterContent/Blueprints/Blueprint_Effect_Explosion.uasset" to "C:/Users/User/Desktop/Unreal/Team_FYP_Project/FYP/Content/StarterContent/Blueprints/Blueprint_Effect_Explosion.uasset"
[2017.05.13-09.57.38:537][  0]LogPackFactory: Copied "../../../Samples/StarterContent/Content/StarterContent/Blueprints/Blueprint_Effect_Fire.uasset" to "C:/Users/User/Desktop/Unreal/Team_FYP_Project/FYP/Content/StarterContent/Blueprints/Blueprint_Effect_Fire.uasset"
[2017.05.13-09.57.38:541][  0]LogPackFactory: Copied "../../../Samples/StarterContent/Content/StarterContent/Blueprints/Blueprint_Effect_Smoke.uasset" to "C:/Users/User/Desktop/Unreal/Team_FYP_Project/FYP/Content/StarterContent/Blueprints/Blueprint_Effect_Smoke.uasset"
[2017.05.13-09.57.38:546][  0]LogPackFactory: Copied "../../../Samples/StarterContent/Content/StarterContent/Blueprints/Blueprint_Effect_Sparks.uasset" to "C:/Users/User/Desktop/Unreal/Team_FYP_Project/FYP/Content/StarterContent/Blueprints/Blueprint_Effect_Sparks.uasset"
[2017.05.13-09.57.38:552][  0]LogPackFactory: Copied "../../../Samples/StarterContent/Content/StarterContent/Blueprints/Blueprint_Effect_Steam.uasset" to "C:/Users/User/Desktop/Unreal/Team_FYP_Project/FYP/Content/StarterContent/Blueprints/Blueprint_Effect_Steam.uasset"
[2017.05.13-09.57.38:556][  0]LogPackFactory: Copied "../../../Samples/StarterContent/Content/StarterContent/Blueprints/Blueprint_WallSconce.uasset" to "C:/Users/User/Desktop/Unreal/Team_FYP_Project/FYP/Content/StarterContent/Blueprints/Blueprint_WallSconce.uasset"
[2017.05.13-09.57.38:560][  0]LogPackFactory: Copied "../../../Samples/StarterContent/Content/StarterContent/Blueprints/BP_LightStudio.uasset" to "C:/Users/User/Desktop/Unreal/Team_FYP_Project/FYP/Content/StarterContent/Blueprints/BP_LightStudio.uasset"
[2017.05.13-09.57.38:565][  0]LogPackFactory: Copied "../../../Samples/StarterContent/Content/StarterContent/Blueprints/Assets/FogBrightnessLUT.uasset" to "C:/Users/User/Desktop/Unreal/Team_FYP_Project/FYP/Content/StarterContent/Blueprints/Assets/FogBrightnessLUT.uasset"
[2017.05.13-09.57.38:569][  0]LogPackFactory: Copied "../../../Samples/StarterContent/Content/StarterContent/Blueprints/Assets/M_LightStage_Arrows.uasset" to "C:/Users/User/Desktop/Unreal/Team_FYP_Project/FYP/Content/StarterContent/Blueprints/Assets/M_LightStage_Arrows.uasset"
[2017.05.13-09.57.38:574][  0]LogPackFactory: Copied "../../../Samples/StarterContent/Content/StarterContent/Blueprints/Assets/M_LightStage_Skybox_Black.uasset" to "C:/Users/User/Desktop/Unreal/Team_FYP_Project/FYP/Content/StarterContent/Blueprints/Assets/M_LightStage_Skybox_Black.uasset"
[2017.05.13-09.57.38:578][  0]LogPackFactory: Copied "../../../Samples/StarterContent/Content/StarterContent/Blueprints/Assets/M_LightStage_Skybox_HDRI.uasset" to "C:/Users/User/Desktop/Unreal/Team_FYP_Project/FYP/Content/StarterContent/Blueprints/Assets/M_LightStage_Skybox_HDRI.uasset"
[2017.05.13-09.57.38:583][  0]LogPackFactory: Copied "../../../Samples/StarterContent/Content/StarterContent/Blueprints/Assets/M_LightStage_Skybox_Master.uasset" to "C:/Users/User/Desktop/Unreal/Team_FYP_Project/FYP/Content/StarterContent/Blueprints/Assets/M_LightStage_Skybox_Master.uasset"
[2017.05.13-09.57.38:587][  0]LogPackFactory: Copied "../../../Samples/StarterContent/Content/StarterContent/Blueprints/Assets/Skybox.uasset" to "C:/Users/User/Desktop/Unreal/Team_FYP_Project/FYP/Content/StarterContent/Blueprints/Assets/Skybox.uasset"
[2017.05.13-09.57.38:592][  0]LogPackFactory: Copied "../../../Samples/StarterContent/Content/StarterContent/Blueprints/Assets/SM_Arrows.uasset" to "C:/Users/User/Desktop/Unreal/Team_FYP_Project/FYP/Content/StarterContent/Blueprints/Assets/SM_Arrows.uasset"
[2017.05.13-09.57.38:593][  0]LogPackFactory: Copied "../../../Samples/StarterContent/Content/StarterContent/Blueprints/Assets/SunlightColorLUT.uasset" to "C:/Users/User/Desktop/Unreal/Team_FYP_Project/FYP/Content/StarterContent/Blueprints/Assets/SunlightColorLUT.uasset"
[2017.05.13-09.57.38:642][  0]LogPackFactory: Copied "../../../Samples/StarterContent/Content/StarterContent/HDRI/HDRI_Epic_Courtyard_Daylight.uasset" to "C:/Users/User/Desktop/Unreal/Team_FYP_Project/FYP/Content/StarterContent/HDRI/HDRI_Epic_Courtyard_Daylight.uasset"
[2017.05.13-09.57.38:646][  0]LogPackFactory: Copied "../../../Samples/StarterContent/Content/StarterContent/Maps/Advanced_Lighting.umap" to "C:/Users/User/Desktop/Unreal/Team_FYP_Project/FYP/Content/StarterContent/Maps/Advanced_Lighting.umap"
[2017.05.13-09.57.38:650][  0]LogPackFactory: Copied "../../../Samples/StarterContent/Content/StarterContent/Maps/Advanced_Lighting_BuiltData.uasset" to "C:/Users/User/Desktop/Unreal/Team_FYP_Project/FYP/Content/StarterContent/Maps/Advanced_Lighting_BuiltData.uasset"
[2017.05.13-09.57.38:655][  0]LogPackFactory: Copied "../../../Samples/StarterContent/Content/StarterContent/Maps/Minimal_Default.umap" to "C:/Users/User/Desktop/Unreal/Team_FYP_Project/FYP/Content/StarterContent/Maps/Minimal_Default.umap"
[2017.05.13-09.57.38:660][  0]LogPackFactory: Copied "../../../Samples/StarterContent/Content/StarterContent/Maps/Minimal_Default_BuiltData.uasset" to "C:/Users/User/Desktop/Unreal/Team_FYP_Project/FYP/Content/StarterContent/Maps/Minimal_Default_BuiltData.uasset"
[2017.05.13-09.57.38:667][  0]LogPackFactory: Copied "../../../Samples/StarterContent/Content/StarterContent/Maps/StarterMap.umap" to "C:/Users/User/Desktop/Unreal/Team_FYP_Project/FYP/Content/StarterContent/Maps/StarterMap.umap"
[2017.05.13-09.57.38:678][  0]LogPackFactory: Copied "../../../Samples/StarterContent/Content/StarterContent/Maps/StarterMap_BuiltData.uasset" to "C:/Users/User/Desktop/Unreal/Team_FYP_Project/FYP/Content/StarterContent/Maps/StarterMap_BuiltData.uasset"
[2017.05.13-09.57.38:683][  0]LogPackFactory: Copied "../../../Samples/StarterContent/Content/StarterContent/Materials/M_AssetPlatform.uasset" to "C:/Users/User/Desktop/Unreal/Team_FYP_Project/FYP/Content/StarterContent/Materials/M_AssetPlatform.uasset"
[2017.05.13-09.57.38:687][  0]LogPackFactory: Copied "../../../Samples/StarterContent/Content/StarterContent/Materials/M_Basic_Floor.uasset" to "C:/Users/User/Desktop/Unreal/Team_FYP_Project/FYP/Content/StarterContent/Materials/M_Basic_Floor.uasset"
[2017.05.13-09.57.38:692][  0]LogPackFactory: Copied "../../../Samples/StarterContent/Content/StarterContent/Materials/M_Basic_Wall.uasset" to "C:/Users/User/Desktop/Unreal/Team_FYP_Project/FYP/Content/StarterContent/Materials/M_Basic_Wall.uasset"
[2017.05.13-09.57.38:695][  0]LogPackFactory: Copied "../../../Samples/StarterContent/Content/StarterContent/Materials/M_Brick_Clay_Beveled.uasset" to "C:/Users/User/Desktop/Unreal/Team_FYP_Project/FYP/Content/StarterContent/Materials/M_Brick_Clay_Beveled.uasset"
[2017.05.13-09.57.38:699][  0]LogPackFactory: Copied "../../../Samples/StarterContent/Content/StarterContent/Materials/M_Brick_Clay_New.uasset" to "C:/Users/User/Desktop/Unreal/Team_FYP_Project/FYP/Content/StarterContent/Materials/M_Brick_Clay_New.uasset"
[2017.05.13-09.57.38:704][  0]LogPackFactory: Copied "../../../Samples/StarterContent/Content/StarterContent/Materials/M_Brick_Clay_Old.uasset" to "C:/Users/User/Desktop/Unreal/Team_FYP_Project/FYP/Content/StarterContent/Materials/M_Brick_Clay_Old.uasset"
[2017.05.13-09.57.38:707][  0]LogPackFactory: Copied "../../../Samples/StarterContent/Content/StarterContent/Materials/M_Brick_Cut_Stone.uasset" to "C:/Users/User/Desktop/Unreal/Team_FYP_Project/FYP/Content/StarterContent/Materials/M_Brick_Cut_Stone.uasset"
[2017.05.13-09.57.38:711][  0]LogPackFactory: Copied "../../../Samples/StarterContent/Content/StarterContent/Materials/M_Brick_Hewn_Stone.uasset" to "C:/Users/User/Desktop/Unreal/Team_FYP_Project/FYP/Content/StarterContent/Materials/M_Brick_Hewn_Stone.uasset"
[2017.05.13-09.57.38:715][  0]LogPackFactory: Copied "../../../Samples/StarterContent/Content/StarterContent/Materials/M_Ceramic_Tile_Checker.uasset" to "C:/Users/User/Desktop/Unreal/Team_FYP_Project/FYP/Content/StarterContent/Materials/M_Ceramic_Tile_Checker.uasset"
[2017.05.13-09.57.38:719][  0]LogPackFactory: Copied "../../../Samples/StarterContent/Content/StarterContent/Materials/M_CobbleStone_Pebble.uasset" to "C:/Users/User/Desktop/Unreal/Team_FYP_Project/FYP/Content/StarterContent/Materials/M_CobbleStone_Pebble.uasset"
[2017.05.13-09.57.38:724][  0]LogPackFactory: Copied "../../../Samples/StarterContent/Content/StarterContent/Materials/M_CobbleStone_Rough.uasset" to "C:/Users/User/Desktop/Unreal/Team_FYP_Project/FYP/Content/StarterContent/Materials/M_CobbleStone_Rough.uasset"
[2017.05.13-09.57.38:728][  0]LogPackFactory: Copied "../../../Samples/StarterContent/Content/StarterContent/Materials/M_CobbleStone_Smooth.uasset" to "C:/Users/User/Desktop/Unreal/Team_FYP_Project/FYP/Content/StarterContent/Materials/M_CobbleStone_Smooth.uasset"
[2017.05.13-09.57.38:732][  0]LogPackFactory: Copied "../../../Samples/StarterContent/Content/StarterContent/Materials/M_ColorGrid_LowSpec.uasset" to "C:/Users/User/Desktop/Unreal/Team_FYP_Project/FYP/Content/StarterContent/Materials/M_ColorGrid_LowSpec.uasset"
[2017.05.13-09.57.38:736][  0]LogPackFactory: Copied "../../../Samples/StarterContent/Content/StarterContent/Materials/M_Concrete_Grime.uasset" to "C:/Users/User/Desktop/Unreal/Team_FYP_Project/FYP/Content/StarterContent/Materials/M_Concrete_Grime.uasset"
[2017.05.13-09.57.38:740][  0]LogPackFactory: Copied "../../../Samples/StarterContent/Content/StarterContent/Materials/M_Concrete_Panels.uasset" to "C:/Users/User/Desktop/Unreal/Team_FYP_Project/FYP/Content/StarterContent/Materials/M_Concrete_Panels.uasset"
[2017.05.13-09.57.38:744][  0]LogPackFactory: Copied "../../../Samples/StarterContent/Content/StarterContent/Materials/M_Concrete_Poured.uasset" to "C:/Users/User/Desktop/Unreal/Team_FYP_Project/FYP/Content/StarterContent/Materials/M_Concrete_Poured.uasset"
[2017.05.13-09.57.38:748][  0]LogPackFactory: Copied "../../../Samples/StarterContent/Content/StarterContent/Materials/M_Concrete_Tiles.uasset" to "C:/Users/User/Desktop/Unreal/Team_FYP_Project/FYP/Content/StarterContent/Materials/M_Concrete_Tiles.uasset"
[2017.05.13-09.57.38:752][  0]LogPackFactory: Copied "../../../Samples/StarterContent/Content/StarterContent/Materials/M_Glass.uasset" to "C:/Users/User/Desktop/Unreal/Team_FYP_Project/FYP/Content/StarterContent/Materials/M_Glass.uasset"
[2017.05.13-09.57.38:757][  0]LogPackFactory: Copied "../../../Samples/StarterContent/Content/StarterContent/Materials/M_Ground_Grass.uasset" to "C:/Users/User/Desktop/Unreal/Team_FYP_Project/FYP/Content/StarterContent/Materials/M_Ground_Grass.uasset"
[2017.05.13-09.57.38:760][  0]LogPackFactory: Copied "../../../Samples/StarterContent/Content/StarterContent/Materials/M_Ground_Gravel.uasset" to "C:/Users/User/Desktop/Unreal/Team_FYP_Project/FYP/Content/StarterContent/Materials/M_Ground_Gravel.uasset"
[2017.05.13-09.57.38:765][  0]LogPackFactory: Copied "../../../Samples/StarterContent/Content/StarterContent/Materials/M_Ground_Moss.uasset" to "C:/Users/User/Desktop/Unreal/Team_FYP_Project/FYP/Content/StarterContent/Materials/M_Ground_Moss.uasset"
[2017.05.13-09.57.38:769][  0]LogPackFactory: Copied "../../../Samples/StarterContent/Content/StarterContent/Materials/M_Metal_Brushed_Nickel.uasset" to "C:/Users/User/Desktop/Unreal/Team_FYP_Project/FYP/Content/StarterContent/Materials/M_Metal_Brushed_Nickel.uasset"
[2017.05.13-09.57.38:773][  0]LogPackFactory: Copied "../../../Samples/StarterContent/Content/StarterContent/Materials/M_Metal_Burnished_Steel.uasset" to "C:/Users/User/Desktop/Unreal/Team_FYP_Project/FYP/Content/StarterContent/Materials/M_Metal_Burnished_Steel.uasset"
[2017.05.13-09.57.38:777][  0]LogPackFactory: Copied "../../../Samples/StarterContent/Content/StarterContent/Materials/M_Metal_Chrome.uasset" to "C:/Users/User/Desktop/Unreal/Team_FYP_Project/FYP/Content/StarterContent/Materials/M_Metal_Chrome.uasset"
[2017.05.13-09.57.38:782][  0]LogPackFactory: Copied "../../../Samples/StarterContent/Content/StarterContent/Materials/M_Metal_Copper.uasset" to "C:/Users/User/Desktop/Unreal/Team_FYP_Project/FYP/Content/StarterContent/Materials/M_Metal_Copper.uasset"
[2017.05.13-09.57.38:791][  0]LogPackFactory: Copied "../../../Samples/StarterContent/Content/StarterContent/Materials/M_Metal_Gold.uasset" to "C:/Users/User/Desktop/Unreal/Team_FYP_Project/FYP/Content/StarterContent/Materials/M_Metal_Gold.uasset"
[2017.05.13-09.57.38:796][  0]LogPackFactory: Copied "../../../Samples/StarterContent/Content/StarterContent/Materials/M_Metal_Rust.uasset" to "C:/Users/User/Desktop/Unreal/Team_FYP_Project/FYP/Content/StarterContent/Materials/M_Metal_Rust.uasset"
[2017.05.13-09.57.38:800][  0]LogPackFactory: Copied "../../../Samples/StarterContent/Content/StarterContent/Materials/M_Metal_Steel.uasset" to "C:/Users/User/Desktop/Unreal/Team_FYP_Project/FYP/Content/StarterContent/Materials/M_Metal_Steel.uasset"
[2017.05.13-09.57.38:804][  0]LogPackFactory: Copied "../../../Samples/StarterContent/Content/StarterContent/Materials/M_Rock_Basalt.uasset" to "C:/Users/User/Desktop/Unreal/Team_FYP_Project/FYP/Content/StarterContent/Materials/M_Rock_Basalt.uasset"
[2017.05.13-09.57.38:808][  0]LogPackFactory: Copied "../../../Samples/StarterContent/Content/StarterContent/Materials/M_Rock_Marble_Polished.uasset" to "C:/Users/User/Desktop/Unreal/Team_FYP_Project/FYP/Content/StarterContent/Materials/M_Rock_Marble_Polished.uasset"
[2017.05.13-09.57.38:812][  0]LogPackFactory: Copied "../../../Samples/StarterContent/Content/StarterContent/Materials/M_Rock_Sandstone.uasset" to "C:/Users/User/Desktop/Unreal/Team_FYP_Project/FYP/Content/StarterContent/Materials/M_Rock_Sandstone.uasset"
[2017.05.13-09.57.38:816][  0]LogPackFactory: Copied "../../../Samples/StarterContent/Content/StarterContent/Materials/M_Rock_Slate.uasset" to "C:/Users/User/Desktop/Unreal/Team_FYP_Project/FYP/Content/StarterContent/Materials/M_Rock_Slate.uasset"
[2017.05.13-09.57.38:820][  0]LogPackFactory: Copied "../../../Samples/StarterContent/Content/StarterContent/Materials/M_Tech_Checker_Dot.uasset" to "C:/Users/User/Desktop/Unreal/Team_FYP_Project/FYP/Content/StarterContent/Materials/M_Tech_Checker_Dot.uasset"
[2017.05.13-09.57.38:825][  0]LogPackFactory: Copied "../../../Samples/StarterContent/Content/StarterContent/Materials/M_Tech_Hex_Tile.uasset" to "C:/Users/User/Desktop/Unreal/Team_FYP_Project/FYP/Content/StarterContent/Materials/M_Tech_Hex_Tile.uasset"
[2017.05.13-09.57.38:829][  0]LogPackFactory: Copied "../../../Samples/StarterContent/Content/StarterContent/Materials/M_Tech_Hex_Tile_Pulse.uasset" to "C:/Users/User/Desktop/Unreal/Team_FYP_Project/FYP/Content/StarterContent/Materials/M_Tech_Hex_Tile_Pulse.uasset"
[2017.05.13-09.57.38:834][  0]LogPackFactory: Copied "../../../Samples/StarterContent/Content/StarterContent/Materials/M_Tech_Panel.uasset" to "C:/Users/User/Desktop/Unreal/Team_FYP_Project/FYP/Content/StarterContent/Materials/M_Tech_Panel.uasset"
[2017.05.13-09.57.38:837][  0]LogPackFactory: Copied "../../../Samples/StarterContent/Content/StarterContent/Materials/M_Water_Lake.uasset" to "C:/Users/User/Desktop/Unreal/Team_FYP_Project/FYP/Content/StarterContent/Materials/M_Water_Lake.uasset"
[2017.05.13-09.57.38:842][  0]LogPackFactory: Copied "../../../Samples/StarterContent/Content/StarterContent/Materials/M_Water_Ocean.uasset" to "C:/Users/User/Desktop/Unreal/Team_FYP_Project/FYP/Content/StarterContent/Materials/M_Water_Ocean.uasset"
[2017.05.13-09.57.38:846][  0]LogPackFactory: Copied "../../../Samples/StarterContent/Content/StarterContent/Materials/M_Wood_Floor_Walnut_Polished.uasset" to "C:/Users/User/Desktop/Unreal/Team_FYP_Project/FYP/Content/StarterContent/Materials/M_Wood_Floor_Walnut_Polished.uasset"
[2017.05.13-09.57.38:850][  0]LogPackFactory: Copied "../../../Samples/StarterContent/Content/StarterContent/Materials/M_Wood_Floor_Walnut_Worn.uasset" to "C:/Users/User/Desktop/Unreal/Team_FYP_Project/FYP/Content/StarterContent/Materials/M_Wood_Floor_Walnut_Worn.uasset"
[2017.05.13-09.57.38:854][  0]LogPackFactory: Copied "../../../Samples/StarterContent/Content/StarterContent/Materials/M_Wood_Oak.uasset" to "C:/Users/User/Desktop/Unreal/Team_FYP_Project/FYP/Content/StarterContent/Materials/M_Wood_Oak.uasset"
[2017.05.13-09.57.38:858][  0]LogPackFactory: Copied "../../../Samples/StarterContent/Content/StarterContent/Materials/M_Wood_Pine.uasset" to "C:/Users/User/Desktop/Unreal/Team_FYP_Project/FYP/Content/StarterContent/Materials/M_Wood_Pine.uasset"
[2017.05.13-09.57.38:862][  0]LogPackFactory: Copied "../../../Samples/StarterContent/Content/StarterContent/Materials/M_Wood_Walnut.uasset" to "C:/Users/User/Desktop/Unreal/Team_FYP_Project/FYP/Content/StarterContent/Materials/M_Wood_Walnut.uasset"
[2017.05.13-09.57.38:865][  0]LogPackFactory: Copied "../../../Samples/StarterContent/Content/StarterContent/Particles/P_Ambient_Dust.uasset" to "C:/Users/User/Desktop/Unreal/Team_FYP_Project/FYP/Content/StarterContent/Particles/P_Ambient_Dust.uasset"
[2017.05.13-09.57.38:870][  0]LogPackFactory: Copied "../../../Samples/StarterContent/Content/StarterContent/Particles/P_Explosion.uasset" to "C:/Users/User/Desktop/Unreal/Team_FYP_Project/FYP/Content/StarterContent/Particles/P_Explosion.uasset"
[2017.05.13-09.57.38:875][  0]LogPackFactory: Copied "../../../Samples/StarterContent/Content/StarterContent/Particles/P_Fire.uasset" to "C:/Users/User/Desktop/Unreal/Team_FYP_Project/FYP/Content/StarterContent/Particles/P_Fire.uasset"
[2017.05.13-09.57.38:879][  0]LogPackFactory: Copied "../../../Samples/StarterContent/Content/StarterContent/Particles/P_Smoke.uasset" to "C:/Users/User/Desktop/Unreal/Team_FYP_Project/FYP/Content/StarterContent/Particles/P_Smoke.uasset"
[2017.05.13-09.57.38:884][  0]LogPackFactory: Copied "../../../Samples/StarterContent/Content/StarterContent/Particles/P_Sparks.uasset" to "C:/Users/User/Desktop/Unreal/Team_FYP_Project/FYP/Content/StarterContent/Particles/P_Sparks.uasset"
[2017.05.13-09.57.38:888][  0]LogPackFactory: Copied "../../../Samples/StarterContent/Content/StarterContent/Particles/P_Steam_Lit.uasset" to "C:/Users/User/Desktop/Unreal/Team_FYP_Project/FYP/Content/StarterContent/Particles/P_Steam_Lit.uasset"
[2017.05.13-09.57.38:892][  0]LogPackFactory: Copied "../../../Samples/StarterContent/Content/StarterContent/Particles/Materials/M_Burst.uasset" to "C:/Users/User/Desktop/Unreal/Team_FYP_Project/FYP/Content/StarterContent/Particles/Materials/M_Burst.uasset"
[2017.05.13-09.57.38:897][  0]LogPackFactory: Copied "../../../Samples/StarterContent/Content/StarterContent/Particles/Materials/M_Dust_Particle.uasset" to "C:/Users/User/Desktop/Unreal/Team_FYP_Project/FYP/Content/StarterContent/Particles/Materials/M_Dust_Particle.uasset"
[2017.05.13-09.57.38:902][  0]LogPackFactory: Copied "../../../Samples/StarterContent/Content/StarterContent/Particles/Materials/M_explosion_subUV.uasset" to "C:/Users/User/Desktop/Unreal/Team_FYP_Project/FYP/Content/StarterContent/Particles/Materials/M_explosion_subUV.uasset"
[2017.05.13-09.57.38:906][  0]LogPackFactory: Copied "../../../Samples/StarterContent/Content/StarterContent/Particles/Materials/M_Fire_SubUV.uasset" to "C:/Users/User/Desktop/Unreal/Team_FYP_Project/FYP/Content/StarterContent/Particles/Materials/M_Fire_SubUV.uasset"
[2017.05.13-09.57.38:910][  0]LogPackFactory: Copied "../../../Samples/StarterContent/Content/StarterContent/Particles/Materials/m_flare_01.uasset" to "C:/Users/User/Desktop/Unreal/Team_FYP_Project/FYP/Content/StarterContent/Particles/Materials/m_flare_01.uasset"
[2017.05.13-09.57.38:914][  0]LogPackFactory: Copied "../../../Samples/StarterContent/Content/StarterContent/Particles/Materials/M_Heat_Distortion.uasset" to "C:/Users/User/Desktop/Unreal/Team_FYP_Project/FYP/Content/StarterContent/Particles/Materials/M_Heat_Distortion.uasset"
[2017.05.13-09.57.38:918][  0]LogPackFactory: Copied "../../../Samples/StarterContent/Content/StarterContent/Particles/Materials/M_Radial_Gradient.uasset" to "C:/Users/User/Desktop/Unreal/Team_FYP_Project/FYP/Content/StarterContent/Particles/Materials/M_Radial_Gradient.uasset"
[2017.05.13-09.57.38:923][  0]LogPackFactory: Copied "../../../Samples/StarterContent/Content/StarterContent/Particles/Materials/M_radial_ramp.uasset" to "C:/Users/User/Desktop/Unreal/Team_FYP_Project/FYP/Content/StarterContent/Particles/Materials/M_radial_ramp.uasset"
[2017.05.13-09.57.38:927][  0]LogPackFactory: Copied "../../../Samples/StarterContent/Content/StarterContent/Particles/Materials/M_smoke_subUV.uasset" to "C:/Users/User/Desktop/Unreal/Team_FYP_Project/FYP/Content/StarterContent/Particles/Materials/M_smoke_subUV.uasset"
[2017.05.13-09.57.38:931][  0]LogPackFactory: Copied "../../../Samples/StarterContent/Content/StarterContent/Particles/Materials/M_Spark.uasset" to "C:/Users/User/Desktop/Unreal/Team_FYP_Project/FYP/Content/StarterContent/Particles/Materials/M_Spark.uasset"
[2017.05.13-09.57.38:935][  0]LogPackFactory: Copied "../../../Samples/StarterContent/Content/StarterContent/Props/MaterialSphere.uasset" to "C:/Users/User/Desktop/Unreal/Team_FYP_Project/FYP/Content/StarterContent/Props/MaterialSphere.uasset"
[2017.05.13-09.57.38:939][  0]LogPackFactory: Copied "../../../Samples/StarterContent/Content/StarterContent/Props/SM_Bush.uasset" to "C:/Users/User/Desktop/Unreal/Team_FYP_Project/FYP/Content/StarterContent/Props/SM_Bush.uasset"
[2017.05.13-09.57.38:944][  0]LogPackFactory: Copied "../../../Samples/StarterContent/Content/StarterContent/Props/SM_Chair.uasset" to "C:/Users/User/Desktop/Unreal/Team_FYP_Project/FYP/Content/StarterContent/Props/SM_Chair.uasset"
[2017.05.13-09.57.38:948][  0]LogPackFactory: Copied "../../../Samples/StarterContent/Content/StarterContent/Props/SM_CornerFrame.uasset" to "C:/Users/User/Desktop/Unreal/Team_FYP_Project/FYP/Content/StarterContent/Props/SM_CornerFrame.uasset"
[2017.05.13-09.57.38:952][  0]LogPackFactory: Copied "../../../Samples/StarterContent/Content/StarterContent/Props/SM_Couch.uasset" to "C:/Users/User/Desktop/Unreal/Team_FYP_Project/FYP/Content/StarterContent/Props/SM_Couch.uasset"
[2017.05.13-09.57.38:956][  0]LogPackFactory: Copied "../../../Samples/StarterContent/Content/StarterContent/Props/SM_Door.uasset" to "C:/Users/User/Desktop/Unreal/Team_FYP_Project/FYP/Content/StarterContent/Props/SM_Door.uasset"
[2017.05.13-09.57.38:960][  0]LogPackFactory: Copied "../../../Samples/StarterContent/Content/StarterContent/Props/SM_DoorFrame.uasset" to "C:/Users/User/Desktop/Unreal/Team_FYP_Project/FYP/Content/StarterContent/Props/SM_DoorFrame.uasset"
[2017.05.13-09.57.38:964][  0]LogPackFactory: Copied "../../../Samples/StarterContent/Content/StarterContent/Props/SM_GlassWindow.uasset" to "C:/Users/User/Desktop/Unreal/Team_FYP_Project/FYP/Content/StarterContent/Props/SM_GlassWindow.uasset"
[2017.05.13-09.57.38:968][  0]LogPackFactory: Copied "../../../Samples/StarterContent/Content/StarterContent/Props/SM_Lamp_Ceiling.uasset" to "C:/Users/User/Desktop/Unreal/Team_FYP_Project/FYP/Content/StarterContent/Props/SM_Lamp_Ceiling.uasset"
[2017.05.13-09.57.38:972][  0]LogPackFactory: Copied "../../../Samples/StarterContent/Content/StarterContent/Props/SM_Lamp_Wall.uasset" to "C:/Users/User/Desktop/Unreal/Team_FYP_Project/FYP/Content/StarterContent/Props/SM_Lamp_Wall.uasset"
[2017.05.13-09.57.38:978][  0]LogPackFactory: Copied "../../../Samples/StarterContent/Content/StarterContent/Props/SM_MatPreviewMesh_02.uasset" to "C:/Users/User/Desktop/Unreal/Team_FYP_Project/FYP/Content/StarterContent/Props/SM_MatPreviewMesh_02.uasset"
[2017.05.13-09.57.38:983][  0]LogPackFactory: Copied "../../../Samples/StarterContent/Content/StarterContent/Props/SM_PillarFrame.uasset" to "C:/Users/User/Desktop/Unreal/Team_FYP_Project/FYP/Content/StarterContent/Props/SM_PillarFrame.uasset"
[2017.05.13-09.57.38:988][  0]LogPackFactory: Copied "../../../Samples/StarterContent/Content/StarterContent/Props/SM_PillarFrame300.uasset" to "C:/Users/User/Desktop/Unreal/Team_FYP_Project/FYP/Content/StarterContent/Props/SM_PillarFrame300.uasset"
[2017.05.13-09.57.38:992][  0]LogPackFactory: Copied "../../../Samples/StarterContent/Content/StarterContent/Props/SM_Rock.uasset" to "C:/Users/User/Desktop/Unreal/Team_FYP_Project/FYP/Content/StarterContent/Props/SM_Rock.uasset"
[2017.05.13-09.57.38:996][  0]LogPackFactory: Copied "../../../Samples/StarterContent/Content/StarterContent/Props/SM_Shelf.uasset" to "C:/Users/User/Desktop/Unreal/Team_FYP_Project/FYP/Content/StarterContent/Props/SM_Shelf.uasset"
[2017.05.13-09.57.39:001][  0]LogPackFactory: Copied "../../../Samples/StarterContent/Content/StarterContent/Props/SM_Stairs.uasset" to "C:/Users/User/Desktop/Unreal/Team_FYP_Project/FYP/Content/StarterContent/Props/SM_Stairs.uasset"
[2017.05.13-09.57.39:006][  0]LogPackFactory: Copied "../../../Samples/StarterContent/Content/StarterContent/Props/SM_Statue.uasset" to "C:/Users/User/Desktop/Unreal/Team_FYP_Project/FYP/Content/StarterContent/Props/SM_Statue.uasset"
[2017.05.13-09.57.39:010][  0]LogPackFactory: Copied "../../../Samples/StarterContent/Content/StarterContent/Props/SM_TableRound.uasset" to "C:/Users/User/Desktop/Unreal/Team_FYP_Project/FYP/Content/StarterContent/Props/SM_TableRound.uasset"
[2017.05.13-09.57.39:015][  0]LogPackFactory: Copied "../../../Samples/StarterContent/Content/StarterContent/Props/SM_WindowFrame.uasset" to "C:/Users/User/Desktop/Unreal/Team_FYP_Project/FYP/Content/StarterContent/Props/SM_WindowFrame.uasset"
[2017.05.13-09.57.39:019][  0]LogPackFactory: Copied "../../../Samples/StarterContent/Content/StarterContent/Props/Materials/M_Bush.uasset" to "C:/Users/User/Desktop/Unreal/Team_FYP_Project/FYP/Content/StarterContent/Props/Materials/M_Bush.uasset"
[2017.05.13-09.57.39:023][  0]LogPackFactory: Copied "../../../Samples/StarterContent/Content/StarterContent/Props/Materials/M_Chair.uasset" to "C:/Users/User/Desktop/Unreal/Team_FYP_Project/FYP/Content/StarterContent/Props/Materials/M_Chair.uasset"
[2017.05.13-09.57.39:027][  0]LogPackFactory: Copied "../../../Samples/StarterContent/Content/StarterContent/Props/Materials/M_Door.uasset" to "C:/Users/User/Desktop/Unreal/Team_FYP_Project/FYP/Content/StarterContent/Props/Materials/M_Door.uasset"
[2017.05.13-09.57.39:032][  0]LogPackFactory: Copied "../../../Samples/StarterContent/Content/StarterContent/Props/Materials/M_Frame.uasset" to "C:/Users/User/Desktop/Unreal/Team_FYP_Project/FYP/Content/StarterContent/Props/Materials/M_Frame.uasset"
[2017.05.13-09.57.39:036][  0]LogPackFactory: Copied "../../../Samples/StarterContent/Content/StarterContent/Props/Materials/M_Lamp.uasset" to "C:/Users/User/Desktop/Unreal/Team_FYP_Project/FYP/Content/StarterContent/Props/Materials/M_Lamp.uasset"
[2017.05.13-09.57.39:040][  0]LogPackFactory: Copied "../../../Samples/StarterContent/Content/StarterContent/Props/Materials/M_MaterialSphere.uasset" to "C:/Users/User/Desktop/Unreal/Team_FYP_Project/FYP/Content/StarterContent/Props/Materials/M_MaterialSphere.uasset"
[2017.05.13-09.57.39:046][  0]LogPackFactory: Copied "../../../Samples/StarterContent/Content/StarterContent/Props/Materials/M_MaterialSphere_Plain.uasset" to "C:/Users/User/Desktop/Unreal/Team_FYP_Project/FYP/Content/StarterContent/Props/Materials/M_MaterialSphere_Plain.uasset"
[2017.05.13-09.57.39:050][  0]LogPackFactory: Copied "../../../Samples/StarterContent/Content/StarterContent/Props/Materials/M_Rock.uasset" to "C:/Users/User/Desktop/Unreal/Team_FYP_Project/FYP/Content/StarterContent/Props/Materials/M_Rock.uasset"
[2017.05.13-09.57.39:054][  0]LogPackFactory: Copied "../../../Samples/StarterContent/Content/StarterContent/Props/Materials/M_Shelf.uasset" to "C:/Users/User/Desktop/Unreal/Team_FYP_Project/FYP/Content/StarterContent/Props/Materials/M_Shelf.uasset"
[2017.05.13-09.57.39:058][  0]LogPackFactory: Copied "../../../Samples/StarterContent/Content/StarterContent/Props/Materials/M_Statue.uasset" to "C:/Users/User/Desktop/Unreal/Team_FYP_Project/FYP/Content/StarterContent/Props/Materials/M_Statue.uasset"
[2017.05.13-09.57.39:062][  0]LogPackFactory: Copied "../../../Samples/StarterContent/Content/StarterContent/Props/Materials/M_StatueGlass.uasset" to "C:/Users/User/Desktop/Unreal/Team_FYP_Project/FYP/Content/StarterContent/Props/Materials/M_StatueGlass.uasset"
[2017.05.13-09.57.39:067][  0]LogPackFactory: Copied "../../../Samples/StarterContent/Content/StarterContent/Props/Materials/M_TableRound.uasset" to "C:/Users/User/Desktop/Unreal/Team_FYP_Project/FYP/Content/StarterContent/Props/Materials/M_TableRound.uasset"
[2017.05.13-09.57.39:072][  0]LogPackFactory: Copied "../../../Samples/StarterContent/Content/StarterContent/Shapes/Shape_Cone.uasset" to "C:/Users/User/Desktop/Unreal/Team_FYP_Project/FYP/Content/StarterContent/Shapes/Shape_Cone.uasset"
[2017.05.13-09.57.39:076][  0]LogPackFactory: Copied "../../../Samples/StarterContent/Content/StarterContent/Shapes/Shape_Cube.uasset" to "C:/Users/User/Desktop/Unreal/Team_FYP_Project/FYP/Content/StarterContent/Shapes/Shape_Cube.uasset"
[2017.05.13-09.57.39:081][  0]LogPackFactory: Copied "../../../Samples/StarterContent/Content/StarterContent/Shapes/Shape_Cylinder.uasset" to "C:/Users/User/Desktop/Unreal/Team_FYP_Project/FYP/Content/StarterContent/Shapes/Shape_Cylinder.uasset"
[2017.05.13-09.57.39:085][  0]LogPackFactory: Copied "../../../Samples/StarterContent/Content/StarterContent/Shapes/Shape_NarrowCapsule.uasset" to "C:/Users/User/Desktop/Unreal/Team_FYP_Project/FYP/Content/StarterContent/Shapes/Shape_NarrowCapsule.uasset"
[2017.05.13-09.57.39:090][  0]LogPackFactory: Copied "../../../Samples/StarterContent/Content/StarterContent/Shapes/Shape_Pipe.uasset" to "C:/Users/User/Desktop/Unreal/Team_FYP_Project/FYP/Content/StarterContent/Shapes/Shape_Pipe.uasset"
[2017.05.13-09.57.39:095][  0]LogPackFactory: Copied "../../../Samples/StarterContent/Content/StarterContent/Shapes/Shape_Pipe_180.uasset" to "C:/Users/User/Desktop/Unreal/Team_FYP_Project/FYP/Content/StarterContent/Shapes/Shape_Pipe_180.uasset"
[2017.05.13-09.57.39:100][  0]LogPackFactory: Copied "../../../Samples/StarterContent/Content/StarterContent/Shapes/Shape_Pipe_90.uasset" to "C:/Users/User/Desktop/Unreal/Team_FYP_Project/FYP/Content/StarterContent/Shapes/Shape_Pipe_90.uasset"
[2017.05.13-09.57.39:104][  0]LogPackFactory: Copied "../../../Samples/StarterContent/Content/StarterContent/Shapes/Shape_Plane.uasset" to "C:/Users/User/Desktop/Unreal/Team_FYP_Project/FYP/Content/StarterContent/Shapes/Shape_Plane.uasset"
[2017.05.13-09.57.39:108][  0]LogPackFactory: Copied "../../../Samples/StarterContent/Content/StarterContent/Shapes/Shape_QuadPyramid.uasset" to "C:/Users/User/Desktop/Unreal/Team_FYP_Project/FYP/Content/StarterContent/Shapes/Shape_QuadPyramid.uasset"
[2017.05.13-09.57.39:114][  0]LogPackFactory: Copied "../../../Samples/StarterContent/Content/StarterContent/Shapes/Shape_Sphere.uasset" to "C:/Users/User/Desktop/Unreal/Team_FYP_Project/FYP/Content/StarterContent/Shapes/Shape_Sphere.uasset"
[2017.05.13-09.57.39:119][  0]LogPackFactory: Copied "../../../Samples/StarterContent/Content/StarterContent/Shapes/Shape_Torus.uasset" to "C:/Users/User/Desktop/Unreal/Team_FYP_Project/FYP/Content/StarterContent/Shapes/Shape_Torus.uasset"
[2017.05.13-09.57.39:123][  0]LogPackFactory: Copied "../../../Samples/StarterContent/Content/StarterContent/Shapes/Shape_Trim.uasset" to "C:/Users/User/Desktop/Unreal/Team_FYP_Project/FYP/Content/StarterContent/Shapes/Shape_Trim.uasset"
[2017.05.13-09.57.39:128][  0]LogPackFactory: Copied "../../../Samples/StarterContent/Content/StarterContent/Shapes/Shape_Trim_90_In.uasset" to "C:/Users/User/Desktop/Unreal/Team_FYP_Project/FYP/Content/StarterContent/Shapes/Shape_Trim_90_In.uasset"
[2017.05.13-09.57.39:134][  0]LogPackFactory: Copied "../../../Samples/StarterContent/Content/StarterContent/Shapes/Shape_Trim_90_Out.uasset" to "C:/Users/User/Desktop/Unreal/Team_FYP_Project/FYP/Content/StarterContent/Shapes/Shape_Trim_90_Out.uasset"
[2017.05.13-09.57.39:140][  0]LogPackFactory: Copied "../../../Samples/StarterContent/Content/StarterContent/Shapes/Shape_TriPyramid.uasset" to "C:/Users/User/Desktop/Unreal/Team_FYP_Project/FYP/Content/StarterContent/Shapes/Shape_TriPyramid.uasset"
[2017.05.13-09.57.39:144][  0]LogPackFactory: Copied "../../../Samples/StarterContent/Content/StarterContent/Shapes/Shape_Tube.uasset" to "C:/Users/User/Desktop/Unreal/Team_FYP_Project/FYP/Content/StarterContent/Shapes/Shape_Tube.uasset"
[2017.05.13-09.57.39:179][  0]LogPackFactory: Copied "../../../Samples/StarterContent/Content/StarterContent/Shapes/Shape_Wedge_A.uasset" to "C:/Users/User/Desktop/Unreal/Team_FYP_Project/FYP/Content/StarterContent/Shapes/Shape_Wedge_A.uasset"
[2017.05.13-09.57.39:184][  0]LogPackFactory: Copied "../../../Samples/StarterContent/Content/StarterContent/Shapes/Shape_Wedge_B.uasset" to "C:/Users/User/Desktop/Unreal/Team_FYP_Project/FYP/Content/StarterContent/Shapes/Shape_Wedge_B.uasset"
[2017.05.13-09.57.39:188][  0]LogPackFactory: Copied "../../../Samples/StarterContent/Content/StarterContent/Shapes/Shape_WideCapsule.uasset" to "C:/Users/User/Desktop/Unreal/Team_FYP_Project/FYP/Content/StarterContent/Shapes/Shape_WideCapsule.uasset"
[2017.05.13-09.57.39:197][  0]LogPackFactory: Copied "../../../Samples/StarterContent/Content/StarterContent/Textures/T_Brick_Clay_Beveled_D.uasset" to "C:/Users/User/Desktop/Unreal/Team_FYP_Project/FYP/Content/StarterContent/Textures/T_Brick_Clay_Beveled_D.uasset"
[2017.05.13-09.57.39:206][  0]LogPackFactory: Copied "../../../Samples/StarterContent/Content/StarterContent/Textures/T_Brick_Clay_Beveled_M.uasset" to "C:/Users/User/Desktop/Unreal/Team_FYP_Project/FYP/Content/StarterContent/Textures/T_Brick_Clay_Beveled_M.uasset"
[2017.05.13-09.57.39:216][  0]LogPackFactory: Copied "../../../Samples/StarterContent/Content/StarterContent/Textures/T_Brick_Clay_Beveled_N.uasset" to "C:/Users/User/Desktop/Unreal/Team_FYP_Project/FYP/Content/StarterContent/Textures/T_Brick_Clay_Beveled_N.uasset"
[2017.05.13-09.57.39:225][  0]LogPackFactory: Copied "../../../Samples/StarterContent/Content/StarterContent/Textures/T_Brick_Clay_New_D.uasset" to "C:/Users/User/Desktop/Unreal/Team_FYP_Project/FYP/Content/StarterContent/Textures/T_Brick_Clay_New_D.uasset"
[2017.05.13-09.57.39:235][  0]LogPackFactory: Copied "../../../Samples/StarterContent/Content/StarterContent/Textures/T_Brick_Clay_New_M.uasset" to "C:/Users/User/Desktop/Unreal/Team_FYP_Project/FYP/Content/StarterContent/Textures/T_Brick_Clay_New_M.uasset"
[2017.05.13-09.57.39:244][  0]LogPackFactory: Copied "../../../Samples/StarterContent/Content/StarterContent/Textures/T_Brick_Clay_New_N.uasset" to "C:/Users/User/Desktop/Unreal/Team_FYP_Project/FYP/Content/StarterContent/Textures/T_Brick_Clay_New_N.uasset"
[2017.05.13-09.57.39:256][  0]LogPackFactory: Copied "../../../Samples/StarterContent/Content/StarterContent/Textures/T_Brick_Clay_Old_D.uasset" to "C:/Users/User/Desktop/Unreal/Team_FYP_Project/FYP/Content/StarterContent/Textures/T_Brick_Clay_Old_D.uasset"
[2017.05.13-09.57.39:266][  0]LogPackFactory: Copied "../../../Samples/StarterContent/Content/StarterContent/Textures/T_Brick_Clay_Old_N.uasset" to "C:/Users/User/Desktop/Unreal/Team_FYP_Project/FYP/Content/StarterContent/Textures/T_Brick_Clay_Old_N.uasset"
[2017.05.13-09.57.39:279][  0]LogPackFactory: Copied "../../../Samples/StarterContent/Content/StarterContent/Textures/T_Brick_Cut_Stone_D.uasset" to "C:/Users/User/Desktop/Unreal/Team_FYP_Project/FYP/Content/StarterContent/Textures/T_Brick_Cut_Stone_D.uasset"
[2017.05.13-09.57.39:288][  0]LogPackFactory: Copied "../../../Samples/StarterContent/Content/StarterContent/Textures/T_Brick_Cut_Stone_N.uasset" to "C:/Users/User/Desktop/Unreal/Team_FYP_Project/FYP/Content/StarterContent/Textures/T_Brick_Cut_Stone_N.uasset"
[2017.05.13-09.57.39:297][  0]LogPackFactory: Copied "../../../Samples/StarterContent/Content/StarterContent/Textures/T_Brick_Hewn_Stone_D.uasset" to "C:/Users/User/Desktop/Unreal/Team_FYP_Project/FYP/Content/StarterContent/Textures/T_Brick_Hewn_Stone_D.uasset"
[2017.05.13-09.57.39:306][  0]LogPackFactory: Copied "../../../Samples/StarterContent/Content/StarterContent/Textures/T_Brick_Hewn_Stone_M.uasset" to "C:/Users/User/Desktop/Unreal/Team_FYP_Project/FYP/Content/StarterContent/Textures/T_Brick_Hewn_Stone_M.uasset"
[2017.05.13-09.57.39:316][  0]LogPackFactory: Copied "../../../Samples/StarterContent/Content/StarterContent/Textures/T_Brick_Hewn_Stone_N.uasset" to "C:/Users/User/Desktop/Unreal/Team_FYP_Project/FYP/Content/StarterContent/Textures/T_Brick_Hewn_Stone_N.uasset"
[2017.05.13-09.57.39:321][  0]LogPackFactory: Copied "../../../Samples/StarterContent/Content/StarterContent/Textures/T_Burst_M.uasset" to "C:/Users/User/Desktop/Unreal/Team_FYP_Project/FYP/Content/StarterContent/Textures/T_Burst_M.uasset"
[2017.05.13-09.57.39:325][  0]LogPackFactory: Copied "../../../Samples/StarterContent/Content/StarterContent/Textures/T_Bush_D.uasset" to "C:/Users/User/Desktop/Unreal/Team_FYP_Project/FYP/Content/StarterContent/Textures/T_Bush_D.uasset"
[2017.05.13-09.57.39:330][  0]LogPackFactory: Copied "../../../Samples/StarterContent/Content/StarterContent/Textures/T_Bush_N.uasset" to "C:/Users/User/Desktop/Unreal/Team_FYP_Project/FYP/Content/StarterContent/Textures/T_Bush_N.uasset"
[2017.05.13-09.57.39:373][  0]LogPackFactory: Copied "../../../Samples/StarterContent/Content/StarterContent/Textures/T_Ceramic_Tile_M.uasset" to "C:/Users/User/Desktop/Unreal/Team_FYP_Project/FYP/Content/StarterContent/Textures/T_Ceramic_Tile_M.uasset"
[2017.05.13-09.57.39:855][  0]LogPackFactory: Copied "../../../Samples/StarterContent/Content/StarterContent/Textures/T_Ceramic_Tile_N.uasset" to "C:/Users/User/Desktop/Unreal/Team_FYP_Project/FYP/Content/StarterContent/Textures/T_Ceramic_Tile_N.uasset"
[2017.05.13-09.57.39:860][  0]LogPackFactory: Copied "../../../Samples/StarterContent/Content/StarterContent/Textures/T_Chair_M.uasset" to "C:/Users/User/Desktop/Unreal/Team_FYP_Project/FYP/Content/StarterContent/Textures/T_Chair_M.uasset"
[2017.05.13-09.57.39:866][  0]LogPackFactory: Copied "../../../Samples/StarterContent/Content/StarterContent/Textures/T_Chair_N.uasset" to "C:/Users/User/Desktop/Unreal/Team_FYP_Project/FYP/Content/StarterContent/Textures/T_Chair_N.uasset"
[2017.05.13-09.57.39:871][  0]LogPackFactory: Copied "../../../Samples/StarterContent/Content/StarterContent/Textures/T_Checker_Noise_M.uasset" to "C:/Users/User/Desktop/Unreal/Team_FYP_Project/FYP/Content/StarterContent/Textures/T_Checker_Noise_M.uasset"
[2017.05.13-09.57.39:884][  0]LogPackFactory: Copied "../../../Samples/StarterContent/Content/StarterContent/Textures/T_CobbleStone_Pebble_D.uasset" to "C:/Users/User/Desktop/Unreal/Team_FYP_Project/FYP/Content/StarterContent/Textures/T_CobbleStone_Pebble_D.uasset"
[2017.05.13-09.57.39:890][  0]LogPackFactory: Copied "../../../Samples/StarterContent/Content/StarterContent/Textures/T_CobbleStone_Pebble_M.uasset" to "C:/Users/User/Desktop/Unreal/Team_FYP_Project/FYP/Content/StarterContent/Textures/T_CobbleStone_Pebble_M.uasset"
[2017.05.13-09.57.39:903][  0]LogPackFactory: Copied "../../../Samples/StarterContent/Content/StarterContent/Textures/T_CobbleStone_Pebble_N.uasset" to "C:/Users/User/Desktop/Unreal/Team_FYP_Project/FYP/Content/StarterContent/Textures/T_CobbleStone_Pebble_N.uasset"
[2017.05.13-09.57.39:912][  0]LogPackFactory: Copied "../../../Samples/StarterContent/Content/StarterContent/Textures/T_CobbleStone_Rough_D.uasset" to "C:/Users/User/Desktop/Unreal/Team_FYP_Project/FYP/Content/StarterContent/Textures/T_CobbleStone_Rough_D.uasset"
[2017.05.13-09.57.39:919][  0]LogPackFactory: Copied "../../../Samples/StarterContent/Content/StarterContent/Textures/T_CobbleStone_Rough_N.uasset" to "C:/Users/User/Desktop/Unreal/Team_FYP_Project/FYP/Content/StarterContent/Textures/T_CobbleStone_Rough_N.uasset"
[2017.05.13-09.57.39:927][  0]LogPackFactory: Copied "../../../Samples/StarterContent/Content/StarterContent/Textures/T_CobbleStone_Smooth_D.uasset" to "C:/Users/User/Desktop/Unreal/Team_FYP_Project/FYP/Content/StarterContent/Textures/T_CobbleStone_Smooth_D.uasset"
[2017.05.13-09.57.39:936][  0]LogPackFactory: Copied "../../../Samples/StarterContent/Content/StarterContent/Textures/T_CobbleStone_Smooth_M.uasset" to "C:/Users/User/Desktop/Unreal/Team_FYP_Project/FYP/Content/StarterContent/Textures/T_CobbleStone_Smooth_M.uasset"
[2017.05.13-09.57.39:945][  0]LogPackFactory: Copied "../../../Samples/StarterContent/Content/StarterContent/Textures/T_CobbleStone_Smooth_N.uasset" to "C:/Users/User/Desktop/Unreal/Team_FYP_Project/FYP/Content/StarterContent/Textures/T_CobbleStone_Smooth_N.uasset"
[2017.05.13-09.57.40:086][  0]LogPackFactory: Copied "../../../Samples/StarterContent/Content/StarterContent/Textures/T_Concrete_Grime_D.uasset" to "C:/Users/User/Desktop/Unreal/Team_FYP_Project/FYP/Content/StarterContent/Textures/T_Concrete_Grime_D.uasset"
[2017.05.13-09.57.40:096][  0]LogPackFactory: Copied "../../../Samples/StarterContent/Content/StarterContent/Textures/T_Concrete_Panels_D.uasset" to "C:/Users/User/Desktop/Unreal/Team_FYP_Project/FYP/Content/StarterContent/Textures/T_Concrete_Panels_D.uasset"
[2017.05.13-09.57.40:104][  0]LogPackFactory: Copied "../../../Samples/StarterContent/Content/StarterContent/Textures/T_Concrete_Panels_N.uasset" to "C:/Users/User/Desktop/Unreal/Team_FYP_Project/FYP/Content/StarterContent/Textures/T_Concrete_Panels_N.uasset"
[2017.05.13-09.57.40:115][  0]LogPackFactory: Copied "../../../Samples/StarterContent/Content/StarterContent/Textures/T_Concrete_Poured_D.uasset" to "C:/Users/User/Desktop/Unreal/Team_FYP_Project/FYP/Content/StarterContent/Textures/T_Concrete_Poured_D.uasset"
[2017.05.13-09.57.40:124][  0]LogPackFactory: Copied "../../../Samples/StarterContent/Content/StarterContent/Textures/T_Concrete_Poured_N.uasset" to "C:/Users/User/Desktop/Unreal/Team_FYP_Project/FYP/Content/StarterContent/Textures/T_Concrete_Poured_N.uasset"
[2017.05.13-09.57.40:513][  0]LogPackFactory: Copied "../../../Samples/StarterContent/Content/StarterContent/Textures/T_Concrete_Tiles_D.uasset" to "C:/Users/User/Desktop/Unreal/Team_FYP_Project/FYP/Content/StarterContent/Textures/T_Concrete_Tiles_D.uasset"
[2017.05.13-09.57.40:521][  0]LogPackFactory: Copied "../../../Samples/StarterContent/Content/StarterContent/Textures/T_Concrete_Tiles_M.uasset" to "C:/Users/User/Desktop/Unreal/Team_FYP_Project/FYP/Content/StarterContent/Textures/T_Concrete_Tiles_M.uasset"
[2017.05.13-09.57.40:530][  0]LogPackFactory: Copied "../../../Samples/StarterContent/Content/StarterContent/Textures/T_Concrete_Tiles_N.uasset" to "C:/Users/User/Desktop/Unreal/Team_FYP_Project/FYP/Content/StarterContent/Textures/T_Concrete_Tiles_N.uasset"
[2017.05.13-09.57.40:534][  0]LogPackFactory: Copied "../../../Samples/StarterContent/Content/StarterContent/Textures/T_Concrete_Tiles_Variation_M.uasset" to "C:/Users/User/Desktop/Unreal/Team_FYP_Project/FYP/Content/StarterContent/Textures/T_Concrete_Tiles_Variation_M.uasset"
[2017.05.13-09.57.40:541][  0]LogPackFactory: Copied "../../../Samples/StarterContent/Content/StarterContent/Textures/T_Detail_Rocky_N.uasset" to "C:/Users/User/Desktop/Unreal/Team_FYP_Project/FYP/Content/StarterContent/Textures/T_Detail_Rocky_N.uasset"
[2017.05.13-09.57.40:545][  0]LogPackFactory: Copied "../../../Samples/StarterContent/Content/StarterContent/Textures/T_Door_M.uasset" to "C:/Users/User/Desktop/Unreal/Team_FYP_Project/FYP/Content/StarterContent/Textures/T_Door_M.uasset"
[2017.05.13-09.57.40:551][  0]LogPackFactory: Copied "../../../Samples/StarterContent/Content/StarterContent/Textures/T_Door_N.uasset" to "C:/Users/User/Desktop/Unreal/Team_FYP_Project/FYP/Content/StarterContent/Textures/T_Door_N.uasset"
[2017.05.13-09.57.40:555][  0]LogPackFactory: Copied "../../../Samples/StarterContent/Content/StarterContent/Textures/T_Dust_Particle_D.uasset" to "C:/Users/User/Desktop/Unreal/Team_FYP_Project/FYP/Content/StarterContent/Textures/T_Dust_Particle_D.uasset"
[2017.05.13-09.57.41:725][  0]LogPackFactory: Copied "../../../Samples/StarterContent/Content/StarterContent/Textures/T_Explosion_SubUV.uasset" to "C:/Users/User/Desktop/Unreal/Team_FYP_Project/FYP/Content/StarterContent/Textures/T_Explosion_SubUV.uasset"
[2017.05.13-09.57.41:730][  0]LogPackFactory: Copied "../../../Samples/StarterContent/Content/StarterContent/Textures/T_Fire_SubUV.uasset" to "C:/Users/User/Desktop/Unreal/Team_FYP_Project/FYP/Content/StarterContent/Textures/T_Fire_SubUV.uasset"
[2017.05.13-09.57.41:862][  0]LogPackFactory: Copied "../../../Samples/StarterContent/Content/StarterContent/Textures/T_Fire_Tiled_D.uasset" to "C:/Users/User/Desktop/Unreal/Team_FYP_Project/FYP/Content/StarterContent/Textures/T_Fire_Tiled_D.uasset"
[2017.05.13-09.57.41:866][  0]LogPackFactory: Copied "../../../Samples/StarterContent/Content/StarterContent/Textures/T_Frame_M.uasset" to "C:/Users/User/Desktop/Unreal/Team_FYP_Project/FYP/Content/StarterContent/Textures/T_Frame_M.uasset"
[2017.05.13-09.57.42:239][  0]LogPackFactory: Copied "../../../Samples/StarterContent/Content/StarterContent/Textures/T_Frame_N.uasset" to "C:/Users/User/Desktop/Unreal/Team_FYP_Project/FYP/Content/StarterContent/Textures/T_Frame_N.uasset"
[2017.05.13-09.57.42:241][  0]LogPackFactory: Copied "../../../Samples/StarterContent/Content/StarterContent/Textures/T_Gradinet_01.uasset" to "C:/Users/User/Desktop/Unreal/Team_FYP_Project/FYP/Content/StarterContent/Textures/T_Gradinet_01.uasset"
[2017.05.13-09.57.42:251][  0]LogPackFactory: Copied "../../../Samples/StarterContent/Content/StarterContent/Textures/T_Ground_Grass_D.uasset" to "C:/Users/User/Desktop/Unreal/Team_FYP_Project/FYP/Content/StarterContent/Textures/T_Ground_Grass_D.uasset"
[2017.05.13-09.57.42:263][  0]LogPackFactory: Copied "../../../Samples/StarterContent/Content/StarterContent/Textures/T_Ground_Grass_N.uasset" to "C:/Users/User/Desktop/Unreal/Team_FYP_Project/FYP/Content/StarterContent/Textures/T_Ground_Grass_N.uasset"
[2017.05.13-09.57.42:273][  0]LogPackFactory: Copied "../../../Samples/StarterContent/Content/StarterContent/Textures/T_Ground_Gravel_D.uasset" to "C:/Users/User/Desktop/Unreal/Team_FYP_Project/FYP/Content/StarterContent/Textures/T_Ground_Gravel_D.uasset"
[2017.05.13-09.57.42:281][  0]LogPackFactory: Copied "../../../Samples/StarterContent/Content/StarterContent/Textures/T_Ground_Gravel_N.uasset" to "C:/Users/User/Desktop/Unreal/Team_FYP_Project/FYP/Content/StarterContent/Textures/T_Ground_Gravel_N.uasset"
[2017.05.13-09.57.42:294][  0]LogPackFactory: Copied "../../../Samples/StarterContent/Content/StarterContent/Textures/T_ground_Moss_D.uasset" to "C:/Users/User/Desktop/Unreal/Team_FYP_Project/FYP/Content/StarterContent/Textures/T_ground_Moss_D.uasset"
[2017.05.13-09.57.42:742][  0]LogPackFactory: Copied "../../../Samples/StarterContent/Content/StarterContent/Textures/T_Ground_Moss_N.uasset" to "C:/Users/User/Desktop/Unreal/Team_FYP_Project/FYP/Content/StarterContent/Textures/T_Ground_Moss_N.uasset"
[2017.05.13-09.57.42:747][  0]LogPackFactory: Copied "../../../Samples/StarterContent/Content/StarterContent/Textures/T_Lamp_M.uasset" to "C:/Users/User/Desktop/Unreal/Team_FYP_Project/FYP/Content/StarterContent/Textures/T_Lamp_M.uasset"
[2017.05.13-09.57.43:206][  0]LogPackFactory: Copied "../../../Samples/StarterContent/Content/StarterContent/Textures/T_Lamp_N.uasset" to "C:/Users/User/Desktop/Unreal/Team_FYP_Project/FYP/Content/StarterContent/Textures/T_Lamp_N.uasset"
[2017.05.13-09.57.43:435][  0]LogPackFactory: Copied "../../../Samples/StarterContent/Content/StarterContent/Textures/T_MacroVariation.uasset" to "C:/Users/User/Desktop/Unreal/Team_FYP_Project/FYP/Content/StarterContent/Textures/T_MacroVariation.uasset"
[2017.05.13-09.57.43:813][  0]LogPackFactory: Copied "../../../Samples/StarterContent/Content/StarterContent/Textures/T_Metal_Aluminum_D.uasset" to "C:/Users/User/Desktop/Unreal/Team_FYP_Project/FYP/Content/StarterContent/Textures/T_Metal_Aluminum_D.uasset"
[2017.05.13-09.57.56:875][  0]LogPackFactory: Copied "../../../Samples/StarterContent/Content/StarterContent/Textures/T_Metal_Copper_D.uasset" to "C:/Users/User/Desktop/Unreal/Team_FYP_Project/FYP/Content/StarterContent/Textures/T_Metal_Copper_D.uasset"
[2017.05.13-09.58.03:820][  0]LogPackFactory: Copied "../../../Samples/StarterContent/Content/StarterContent/Textures/T_Metal_Gold_D.uasset" to "C:/Users/User/Desktop/Unreal/Team_FYP_Project/FYP/Content/StarterContent/Textures/T_Metal_Gold_D.uasset"
[2017.05.13-09.58.05:435][  0]LogPackFactory: Copied "../../../Samples/StarterContent/Content/StarterContent/Textures/T_Metal_Gold_N.uasset" to "C:/Users/User/Desktop/Unreal/Team_FYP_Project/FYP/Content/StarterContent/Textures/T_Metal_Gold_N.uasset"
[2017.05.13-09.58.11:128][  0]LogPackFactory: Copied "../../../Samples/StarterContent/Content/StarterContent/Textures/T_Metal_Rust_D.uasset" to "C:/Users/User/Desktop/Unreal/Team_FYP_Project/FYP/Content/StarterContent/Textures/T_Metal_Rust_D.uasset"
[2017.05.13-09.58.13:323][  0]LogPackFactory: Copied "../../../Samples/StarterContent/Content/StarterContent/Textures/T_Metal_Rust_N.uasset" to "C:/Users/User/Desktop/Unreal/Team_FYP_Project/FYP/Content/StarterContent/Textures/T_Metal_Rust_N.uasset"
[2017.05.13-09.58.13:471][  0]LogPackFactory: Copied "../../../Samples/StarterContent/Content/StarterContent/Textures/T_Metal_Steel_D.uasset" to "C:/Users/User/Desktop/Unreal/Team_FYP_Project/FYP/Content/StarterContent/Textures/T_Metal_Steel_D.uasset"
[2017.05.13-09.58.13:681][  0]LogPackFactory: Copied "../../../Samples/StarterContent/Content/StarterContent/Textures/T_Metal_Steel_N.uasset" to "C:/Users/User/Desktop/Unreal/Team_FYP_Project/FYP/Content/StarterContent/Textures/T_Metal_Steel_N.uasset"
[2017.05.13-09.58.13:850][  0]LogPackFactory: Copied "../../../Samples/StarterContent/Content/StarterContent/Textures/T_Perlin_Noise_M.uasset" to "C:/Users/User/Desktop/Unreal/Team_FYP_Project/FYP/Content/StarterContent/Textures/T_Perlin_Noise_M.uasset"
[2017.05.13-09.58.13:991][  0]LogPackFactory: Copied "../../../Samples/StarterContent/Content/StarterContent/Textures/T_RockMesh_M.uasset" to "C:/Users/User/Desktop/Unreal/Team_FYP_Project/FYP/Content/StarterContent/Textures/T_RockMesh_M.uasset"
[2017.05.13-09.58.14:137][  0]LogPackFactory: Copied "../../../Samples/StarterContent/Content/StarterContent/Textures/T_RockMesh_N.uasset" to "C:/Users/User/Desktop/Unreal/Team_FYP_Project/FYP/Content/StarterContent/Textures/T_RockMesh_N.uasset"
[2017.05.13-09.58.14:346][  0]LogPackFactory: Copied "../../../Samples/StarterContent/Content/StarterContent/Textures/T_Rock_Basalt_D.uasset" to "C:/Users/User/Desktop/Unreal/Team_FYP_Project/FYP/Content/StarterContent/Textures/T_Rock_Basalt_D.uasset"
[2017.05.13-09.58.14:538][  0]LogPackFactory: Copied "../../../Samples/StarterContent/Content/StarterContent/Textures/T_Rock_Basalt_N.uasset" to "C:/Users/User/Desktop/Unreal/Team_FYP_Project/FYP/Content/StarterContent/Textures/T_Rock_Basalt_N.uasset"
[2017.05.13-09.58.14:637][  0]LogPackFactory: Copied "../../../Samples/StarterContent/Content/StarterContent/Textures/T_Rock_Marble_Polished_D.uasset" to "C:/Users/User/Desktop/Unreal/Team_FYP_Project/FYP/Content/StarterContent/Textures/T_Rock_Marble_Polished_D.uasset"
[2017.05.13-09.58.14:898][  0]LogPackFactory: Copied "../../../Samples/StarterContent/Content/StarterContent/Textures/T_Rock_Sandstone_D.uasset" to "C:/Users/User/Desktop/Unreal/Team_FYP_Project/FYP/Content/StarterContent/Textures/T_Rock_Sandstone_D.uasset"
[2017.05.13-09.58.15:137][  0]LogPackFactory: Copied "../../../Samples/StarterContent/Content/StarterContent/Textures/T_Rock_Sandstone_N.uasset" to "C:/Users/User/Desktop/Unreal/Team_FYP_Project/FYP/Content/StarterContent/Textures/T_Rock_Sandstone_N.uasset"
[2017.05.13-09.58.15:331][  0]LogPackFactory: Copied "../../../Samples/StarterContent/Content/StarterContent/Textures/T_Rock_Slate_D.uasset" to "C:/Users/User/Desktop/Unreal/Team_FYP_Project/FYP/Content/StarterContent/Textures/T_Rock_Slate_D.uasset"
[2017.05.13-09.58.15:870][  0]LogPackFactory: Copied "../../../Samples/StarterContent/Content/StarterContent/Textures/T_Rock_Slate_N.uasset" to "C:/Users/User/Desktop/Unreal/Team_FYP_Project/FYP/Content/StarterContent/Textures/T_Rock_Slate_N.uasset"
[2017.05.13-09.58.16:083][  0]LogPackFactory: Copied "../../../Samples/StarterContent/Content/StarterContent/Textures/T_Rock_Smooth_Granite_D.uasset" to "C:/Users/User/Desktop/Unreal/Team_FYP_Project/FYP/Content/StarterContent/Textures/T_Rock_Smooth_Granite_D.uasset"
[2017.05.13-09.58.16:127][  0]LogPackFactory: Copied "../../../Samples/StarterContent/Content/StarterContent/Textures/T_Shelf_M.uasset" to "C:/Users/User/Desktop/Unreal/Team_FYP_Project/FYP/Content/StarterContent/Textures/T_Shelf_M.uasset"
[2017.05.13-09.58.16:188][  0]LogPackFactory: Copied "../../../Samples/StarterContent/Content/StarterContent/Textures/T_Shelf_N.uasset" to "C:/Users/User/Desktop/Unreal/Team_FYP_Project/FYP/Content/StarterContent/Textures/T_Shelf_N.uasset"
[2017.05.13-09.58.16:283][  0]LogPackFactory: Copied "../../../Samples/StarterContent/Content/StarterContent/Textures/T_Single_Tile_N.uasset" to "C:/Users/User/Desktop/Unreal/Team_FYP_Project/FYP/Content/StarterContent/Textures/T_Single_Tile_N.uasset"
[2017.05.13-09.58.16:847][  0]LogPackFactory: Copied "../../../Samples/StarterContent/Content/StarterContent/Textures/T_Smoke_SubUV.uasset" to "C:/Users/User/Desktop/Unreal/Team_FYP_Project/FYP/Content/StarterContent/Textures/T_Smoke_SubUV.uasset"
[2017.05.13-09.58.17:119][  0]LogPackFactory: Copied "../../../Samples/StarterContent/Content/StarterContent/Textures/T_Smoke_Tiled_D.uasset" to "C:/Users/User/Desktop/Unreal/Team_FYP_Project/FYP/Content/StarterContent/Textures/T_Smoke_Tiled_D.uasset"
[2017.05.13-09.58.17:213][  0]LogPackFactory: Copied "../../../Samples/StarterContent/Content/StarterContent/Textures/T_Spark_Core.uasset" to "C:/Users/User/Desktop/Unreal/Team_FYP_Project/FYP/Content/StarterContent/Textures/T_Spark_Core.uasset"
[2017.05.13-09.58.17:535][  0]LogPackFactory: Copied "../../../Samples/StarterContent/Content/StarterContent/Textures/T_Statue_M.uasset" to "C:/Users/User/Desktop/Unreal/Team_FYP_Project/FYP/Content/StarterContent/Textures/T_Statue_M.uasset"
[2017.05.13-09.58.17:737][  0]LogPackFactory: Copied "../../../Samples/StarterContent/Content/StarterContent/Textures/T_Statue_N.uasset" to "C:/Users/User/Desktop/Unreal/Team_FYP_Project/FYP/Content/StarterContent/Textures/T_Statue_N.uasset"
[2017.05.13-09.58.18:428][  0]LogPackFactory: Copied "../../../Samples/StarterContent/Content/StarterContent/Textures/T_TableRound_M.uasset" to "C:/Users/User/Desktop/Unreal/Team_FYP_Project/FYP/Content/StarterContent/Textures/T_TableRound_M.uasset"
[2017.05.13-09.58.18:644][  0]LogPackFactory: Copied "../../../Samples/StarterContent/Content/StarterContent/Textures/T_TableRound_N.uasset" to "C:/Users/User/Desktop/Unreal/Team_FYP_Project/FYP/Content/StarterContent/Textures/T_TableRound_N.uasset"
[2017.05.13-09.58.19:518][  0]LogPackFactory: Copied "../../../Samples/StarterContent/Content/StarterContent/Textures/T_Tech_Dot_M.uasset" to "C:/Users/User/Desktop/Unreal/Team_FYP_Project/FYP/Content/StarterContent/Textures/T_Tech_Dot_M.uasset"
[2017.05.13-09.58.19:638][  0]LogPackFactory: Copied "../../../Samples/StarterContent/Content/StarterContent/Textures/T_Tech_Dot_N.uasset" to "C:/Users/User/Desktop/Unreal/Team_FYP_Project/FYP/Content/StarterContent/Textures/T_Tech_Dot_N.uasset"
[2017.05.13-09.58.19:737][  0]LogPackFactory: Copied "../../../Samples/StarterContent/Content/StarterContent/Textures/T_Tech_Hex_Tile_M.uasset" to "C:/Users/User/Desktop/Unreal/Team_FYP_Project/FYP/Content/StarterContent/Textures/T_Tech_Hex_Tile_M.uasset"
[2017.05.13-09.58.19:819][  0]LogPackFactory: Copied "../../../Samples/StarterContent/Content/StarterContent/Textures/T_Tech_Hex_Tile_N.uasset" to "C:/Users/User/Desktop/Unreal/Team_FYP_Project/FYP/Content/StarterContent/Textures/T_Tech_Hex_Tile_N.uasset"
[2017.05.13-09.58.20:048][  0]LogPackFactory: Copied "../../../Samples/StarterContent/Content/StarterContent/Textures/T_Tech_Panel_M.uasset" to "C:/Users/User/Desktop/Unreal/Team_FYP_Project/FYP/Content/StarterContent/Textures/T_Tech_Panel_M.uasset"
[2017.05.13-09.58.20:197][  0]LogPackFactory: Copied "../../../Samples/StarterContent/Content/StarterContent/Textures/T_Tech_Panel_N.uasset" to "C:/Users/User/Desktop/Unreal/Team_FYP_Project/FYP/Content/StarterContent/Textures/T_Tech_Panel_N.uasset"
[2017.05.13-09.58.20:288][  0]LogPackFactory: Copied "../../../Samples/StarterContent/Content/StarterContent/Textures/T_Water_M.uasset" to "C:/Users/User/Desktop/Unreal/Team_FYP_Project/FYP/Content/StarterContent/Textures/T_Water_M.uasset"
[2017.05.13-09.58.20:534][  0]LogPackFactory: Copied "../../../Samples/StarterContent/Content/StarterContent/Textures/T_Water_N.uasset" to "C:/Users/User/Desktop/Unreal/Team_FYP_Project/FYP/Content/StarterContent/Textures/T_Water_N.uasset"
[2017.05.13-09.58.20:685][  0]LogPackFactory: Copied "../../../Samples/StarterContent/Content/StarterContent/Textures/T_Wood_Floor_Walnut_D.uasset" to "C:/Users/User/Desktop/Unreal/Team_FYP_Project/FYP/Content/StarterContent/Textures/T_Wood_Floor_Walnut_D.uasset"
[2017.05.13-09.58.20:816][  0]LogPackFactory: Copied "../../../Samples/StarterContent/Content/StarterContent/Textures/T_Wood_Floor_Walnut_M.uasset" to "C:/Users/User/Desktop/Unreal/Team_FYP_Project/FYP/Content/StarterContent/Textures/T_Wood_Floor_Walnut_M.uasset"
[2017.05.13-09.58.20:873][  0]LogPackFactory: Copied "../../../Samples/StarterContent/Content/StarterContent/Textures/T_Wood_Floor_Walnut_N.uasset" to "C:/Users/User/Desktop/Unreal/Team_FYP_Project/FYP/Content/StarterContent/Textures/T_Wood_Floor_Walnut_N.uasset"
[2017.05.13-09.58.21:073][  0]LogPackFactory: Copied "../../../Samples/StarterContent/Content/StarterContent/Textures/T_Wood_Oak_D.uasset" to "C:/Users/User/Desktop/Unreal/Team_FYP_Project/FYP/Content/StarterContent/Textures/T_Wood_Oak_D.uasset"
[2017.05.13-09.58.21:281][  0]LogPackFactory: Copied "../../../Samples/StarterContent/Content/StarterContent/Textures/T_Wood_Oak_N.uasset" to "C:/Users/User/Desktop/Unreal/Team_FYP_Project/FYP/Content/StarterContent/Textures/T_Wood_Oak_N.uasset"
[2017.05.13-09.58.21:457][  0]LogPackFactory: Copied "../../../Samples/StarterContent/Content/StarterContent/Textures/T_Wood_Pine_D.uasset" to "C:/Users/User/Desktop/Unreal/Team_FYP_Project/FYP/Content/StarterContent/Textures/T_Wood_Pine_D.uasset"
[2017.05.13-09.58.21:906][  0]LogPackFactory: Copied "../../../Samples/StarterContent/Content/StarterContent/Textures/T_Wood_Pine_N.uasset" to "C:/Users/User/Desktop/Unreal/Team_FYP_Project/FYP/Content/StarterContent/Textures/T_Wood_Pine_N.uasset"
[2017.05.13-09.58.22:244][  0]LogPackFactory: Copied "../../../Samples/StarterContent/Content/StarterContent/Textures/T_Wood_Walnut_D.uasset" to "C:/Users/User/Desktop/Unreal/Team_FYP_Project/FYP/Content/StarterContent/Textures/T_Wood_Walnut_D.uasset"
[2017.05.13-09.58.22:650][  0]LogPackFactory: Copied "../../../Samples/StarterContent/Content/StarterContent/Textures/T_Wood_Walnut_N.uasset" to "C:/Users/User/Desktop/Unreal/Team_FYP_Project/FYP/Content/StarterContent/Textures/T_Wood_Walnut_N.uasset"
[2017.05.13-09.58.23:737][  0]LogRenderer: Reallocating scene render targets to support 256x256 NumSamples 1 (Frame:2).
[2017.05.13-09.58.24:696][  0]Cmd: OBJ SAVEPACKAGE PACKAGE="/Game/StarterContent/Architecture/Floor_400x400" FILE="C:/Users/User/Desktop/Unreal/Team_FYP_Project/FYP/Content/StarterContent/Architecture/Floor_400x400.uasset" SILENT=true
[2017.05.13-09.58.24:717][  0]LogSavePackage: Save=13.82ms
[2017.05.13-09.58.24:717][  0]LogSavePackage: Moving 'C:/Users/User/Desktop/Unreal/Team_FYP_Project/FYP/Saved/Floor_400x4005F776C284C7A81A397036BA084A5242D.tmp' to 'C:/Users/User/Desktop/Unreal/Team_FYP_Project/FYP/Content/StarterContent/Architecture/Floor_400x400.uasset'
[2017.05.13-09.58.24:886][  0]LogSavePackage:Display: Finished SavePackage C:/Users/User/Desktop/Unreal/Team_FYP_Project/FYP/Content/StarterContent/Architecture/Floor_400x400.uasset
[2017.05.13-09.58.24:886][  0]LogFeaturePack:Warning: Inserted 1 feature packs
[2017.05.13-09.58.24:889][  0]Cmd: MAP LOAD FILE="C:/Users/User/Desktop/Unreal/Team_FYP_Project/FYP/Content/ThirdPersonBP/Maps/ThirdPersonExampleMap.umap" TEMPLATE=0 SHOWPROGRESS=1 FEATURELEVEL=3
[2017.05.13-09.58.24:889][  0]LightingResults: New page: Lighting Build
[2017.05.13-09.58.24:922][  0]MapCheck: New page: Map Check
[2017.05.13-09.58.24:922][  0]LightingResults: New page: Lighting Build
[2017.05.13-09.58.26:053][  0]LogAIModule: Creating AISystem for world ThirdPersonExampleMap
[2017.05.13-09.58.26:059][  0]LogEditorServer: Finished looking for orphan Actors (0.000 secs)
[2017.05.13-09.58.26:060][  0]Cmd: MAP CHECKDEP NOCLEARLOG
[2017.05.13-09.58.26:112][  0]MapCheck: Info Map check complete: 0 Error(s), 0 Warning(s), took 51.989ms to complete.
[2017.05.13-09.58.26:112][  0]LogFileHelpers: Loading map 'ThirdPersonExampleMap' took 1.223
[2017.05.13-09.58.26:445][  0]LogCollectionManager: Loaded 0 collections in 0.000809 seconds
[2017.05.13-09.58.26:543][  0]LogFileCache: Scanning file cache for directory 'C:/Users/User/Desktop/Unreal/Team_FYP_Project/FYP/Saved/Collections/' took 0.01s
[2017.05.13-09.58.26:543][  0]LogFileCache: Scanning file cache for directory 'C:/Users/User/Desktop/Unreal/Team_FYP_Project/FYP/Content/Developers/User/Collections/' took 0.01s
[2017.05.13-09.58.26:543][  0]LogFileCache: Scanning file cache for directory 'C:/Users/User/Desktop/Unreal/Team_FYP_Project/FYP/Content/Collections/' took 0.01s
[2017.05.13-09.58.26:543][  0]LogCollectionManager: Rebuilt the GUID cache for 0 collections in 0.000001 seconds
[2017.05.13-09.58.26:552][  0]LogContentBrowser: Native class hierarchy populated in 0.0091 seconds. Added 2245 classes and 453 folders.
[2017.05.13-09.58.26:605][  0]LogContentBrowser: Native class hierarchy updated for 'WidgetCarousel' in 0.0006 seconds. Added 0 classes and 0 folders.
[2017.05.13-09.58.26:649][  0]LogContentBrowser: Native class hierarchy updated for 'AddContentDialog' in 0.0007 seconds. Added 0 classes and 0 folders.
[2017.05.13-09.58.26:779][  0]LogContentBrowser: Native class hierarchy updated for 'SceneOutliner' in 0.0007 seconds. Added 1 classes and 2 folders.
[2017.05.13-09.58.26:833][  0]LogCrashTracker: Crashtracker disabled due to settings.
[2017.05.13-09.58.26:838][  0]LogUObjectGlobals:Warning: Failed to find object 'Class None.'
[2017.05.13-09.58.26:893][  0]LogContentBrowser: Native class hierarchy updated for 'HierarchicalLODOutliner' in 0.0008 seconds. Added 1 classes and 2 folders.
[2017.05.13-09.58.26:894][  0]LogLoad: (Engine Initialization) Total time: 62.09 seconds
[2017.05.13-09.58.26:894][  0]LogLoad: (Engine Initialization) Total Blueprint compile time: 0.13 seconds
[2017.05.13-09.58.26:894][  0]LogExternalProfiler: Found external profiler: VSPerf
[2017.05.13-09.58.26:894][  0]LogExternalProfiler: Using external profiler: VSPerf
[2017.05.13-09.58.26:902][  0]LogOcInput: OculusInput pre-init called
[2017.05.13-09.58.27:087][  0]LogContentStreaming: Texture pool size now 1000 MB
[2017.05.13-09.58.27:088][  0]LogSlate: Took 0.000193 seconds to synchronously load lazily loaded font '../../../Engine/Content/Slate/Fonts/Roboto-Regular.ttf' (155K)
[2017.05.13-09.58.27:092][  0]LogSlate: Took 0.000249 seconds to synchronously load lazily loaded font '../../../Engine/Content/Slate/Fonts/Roboto-Bold.ttf' (160K)
[2017.05.13-09.58.27:299][  0]LogSlate: Took 0.062060 seconds to synchronously load lazily loaded font '../../../Engine/Content/Editor/Slate/Fonts/FontAwesome.ttf' (139K)
[2017.05.13-09.58.27:451][  0]LogRenderer: Reallocating scene render targets to support 1208x580 NumSamples 1 (Frame:3).
[2017.05.13-09.58.27:451][  0]LogSlate: Took 0.000266 seconds to synchronously load lazily loaded font '../../../Engine/Content/Slate/Fonts/Roboto-Light.ttf' (159K)
[2017.05.13-09.58.27:841][  1]LogAssetRegistry: Asset discovery search completed in 56.9103 seconds
[2017.05.13-09.58.27:841][  1]LogCollectionManager: Rebuilt the object cache for 0 collections in 0.000007 seconds (found 0 objects)
[2017.05.13-09.58.27:841][  1]LogCollectionManager: Fixed up redirectors for 0 collections in 0.000021 seconds (updated 0 objects)
